[INFO] Scanning for projects...
[INFO]                                                                         
[INFO] ------------------------------------------------------------------------
[INFO] Building timesync_bw_2021_06_exec 0.1.0-SNAPSHOT
[INFO] ------------------------------------------------------------------------
[INFO] 
[INFO] --- exec-maven-plugin:1.5.0:java (default-cli) @ timesync_bw_2021_06_exec ---

-------------------------------------------------------------------
GMS: address=vagrant-65086, cluster=timesync_bw_2021_06, physical address=127.0.0.1:38933
-------------------------------------------------------------------
18:01:33.840 [org.webgme.guest.control.control.main()] INFO  org.webgme.guest.control.control - waiting on readyToPopulate...
18:01:55.075 [org.webgme.guest.control.control.main()] INFO  org.webgme.guest.control.control - ...synchronized on readyToPopulate
18:01:55.075 [org.webgme.guest.control.control.main()] INFO  org.webgme.guest.control.control - waiting on readyToRun...
18:01:55.328 [org.webgme.guest.control.control.main()] INFO  org.webgme.guest.control.control - ...synchronized on readyToRun
18:01:55.336 [org.webgme.guest.control.control.main()] INFO  org.webgme.guest.control.control - started logical time progression
18:01:55.339 [org.webgme.guest.control.control.main()] INFO  org.webgme.guest.control.control - waiting to receive SimTime...
18:01:56.345 [org.webgme.guest.control.control.main()] INFO  org.webgme.guest.control.control - waiting to receive SimTime...
18:01:56.364 [org.webgme.guest.control.control.main()] INFO  org.webgme.guest.control.control - From socket, sockTime = 0.0
18:01:57.366 [org.webgme.guest.control.control.main()] INFO  org.webgme.guest.control.control - waiting to receive SimTime...
18:01:57.367 [org.webgme.guest.control.control.main()] INFO  org.webgme.guest.control.control - From processor, sockTimeP = 0.0   procTime = 0.0
18:01:57.369 [org.webgme.guest.control.control.main()] INFO  org.webgme.guest.control.control - => Sent elapsedTimeSock = 0.0,    elapsedTimeProc = 0.0,    ctrlTime = 0.0
18:01:57.392 [org.webgme.guest.control.control.main()] INFO  org.webgme.guest.control.control - waiting to receive SimTime...
18:01:58.399 [org.webgme.guest.control.control.main()] INFO  org.webgme.guest.control.control - waiting to receive SimTime...
18:01:58.400 [org.webgme.guest.control.control.main()] INFO  org.webgme.guest.control.control - From socket, sockTime = 1.0
18:01:59.401 [org.webgme.guest.control.control.main()] INFO  org.webgme.guest.control.control - waiting to receive SimTime...
18:01:59.403 [org.webgme.guest.control.control.main()] INFO  org.webgme.guest.control.control - From processor, sockTimeP = 1.0   procTime = 1.0
18:01:59.406 [org.webgme.guest.control.control.main()] INFO  org.webgme.guest.control.control - => Sent elapsedTimeSock = 0.0,    elapsedTimeProc = 0.0,    ctrlTime = 1.0
18:01:59.429 [org.webgme.guest.control.control.main()] INFO  org.webgme.guest.control.control - waiting to receive SimTime...
18:02:00.435 [org.webgme.guest.control.control.main()] INFO  org.webgme.guest.control.control - waiting to receive SimTime...
18:02:00.437 [org.webgme.guest.control.control.main()] INFO  org.webgme.guest.control.control - From socket, sockTime = 2.0
18:02:01.447 [org.webgme.guest.control.control.main()] INFO  org.webgme.guest.control.control - waiting to receive SimTime...
18:02:01.449 [org.webgme.guest.control.control.main()] INFO  org.webgme.guest.control.control - From processor, sockTimeP = 2.0   procTime = 2.0
18:02:01.451 [org.webgme.guest.control.control.main()] INFO  org.webgme.guest.control.control - => Sent elapsedTimeSock = 0.0,    elapsedTimeProc = 0.0,    ctrlTime = 2.0
18:02:01.474 [org.webgme.guest.control.control.main()] INFO  org.webgme.guest.control.control - waiting to receive SimTime...
18:02:02.480 [org.webgme.guest.control.control.main()] INFO  org.webgme.guest.control.control - waiting to receive SimTime...
18:02:02.481 [org.webgme.guest.control.control.main()] INFO  org.webgme.guest.control.control - From socket, sockTime = 3.0
18:02:03.482 [org.webgme.guest.control.control.main()] INFO  org.webgme.guest.control.control - waiting to receive SimTime...
18:02:03.484 [org.webgme.guest.control.control.main()] INFO  org.webgme.guest.control.control - From processor, sockTimeP = 3.0   procTime = 3.0
18:02:03.485 [org.webgme.guest.control.control.main()] INFO  org.webgme.guest.control.control - => Sent elapsedTimeSock = 0.0,    elapsedTimeProc = 0.0,    ctrlTime = 3.0
18:02:03.510 [org.webgme.guest.control.control.main()] INFO  org.webgme.guest.control.control - waiting to receive SimTime...
18:02:04.526 [org.webgme.guest.control.control.main()] INFO  org.webgme.guest.control.control - waiting to receive SimTime...
18:02:04.527 [org.webgme.guest.control.control.main()] INFO  org.webgme.guest.control.control - From socket, sockTime = 4.0
18:02:05.528 [org.webgme.guest.control.control.main()] INFO  org.webgme.guest.control.control - waiting to receive SimTime...
18:02:05.528 [org.webgme.guest.control.control.main()] INFO  org.webgme.guest.control.control - From processor, sockTimeP = 4.0   procTime = 4.0
18:02:05.529 [org.webgme.guest.control.control.main()] INFO  org.webgme.guest.control.control - => Sent elapsedTimeSock = 0.0,    elapsedTimeProc = 0.0,    ctrlTime = 4.0
18:02:05.552 [org.webgme.guest.control.control.main()] INFO  org.webgme.guest.control.control - waiting to receive SimTime...
18:02:06.566 [org.webgme.guest.control.control.main()] INFO  org.webgme.guest.control.control - waiting to receive SimTime...
18:02:06.567 [org.webgme.guest.control.control.main()] INFO  org.webgme.guest.control.control - From socket, sockTime = 5.0
18:02:07.571 [org.webgme.guest.control.control.main()] INFO  org.webgme.guest.control.control - waiting to receive SimTime...
18:02:07.572 [org.webgme.guest.control.control.main()] INFO  org.webgme.guest.control.control - From processor, sockTimeP = 5.0   procTime = 5.0
18:02:07.572 [org.webgme.guest.control.control.main()] INFO  org.webgme.guest.control.control - => Sent elapsedTimeSock = 0.0,    elapsedTimeProc = 0.0,    ctrlTime = 5.0
18:02:07.597 [org.webgme.guest.control.control.main()] INFO  org.webgme.guest.control.control - waiting to receive SimTime...
18:02:08.608 [org.webgme.guest.control.control.main()] INFO  org.webgme.guest.control.control - waiting to receive SimTime...
18:02:08.609 [org.webgme.guest.control.control.main()] INFO  org.webgme.guest.control.control - From socket, sockTime = 6.0
18:02:09.609 [org.webgme.guest.control.control.main()] INFO  org.webgme.guest.control.control - waiting to receive SimTime...
18:02:09.609 [org.webgme.guest.control.control.main()] INFO  org.webgme.guest.control.control - From processor, sockTimeP = 6.0   procTime = 6.0
18:02:09.610 [org.webgme.guest.control.control.main()] INFO  org.webgme.guest.control.control - => Sent elapsedTimeSock = 0.0,    elapsedTimeProc = 0.0,    ctrlTime = 6.0
18:02:09.634 [org.webgme.guest.control.control.main()] INFO  org.webgme.guest.control.control - waiting to receive SimTime...
18:02:10.641 [org.webgme.guest.control.control.main()] INFO  org.webgme.guest.control.control - waiting to receive SimTime...
18:02:10.642 [org.webgme.guest.control.control.main()] INFO  org.webgme.guest.control.control - From socket, sockTime = 7.0
18:02:11.643 [org.webgme.guest.control.control.main()] INFO  org.webgme.guest.control.control - waiting to receive SimTime...
18:02:11.645 [org.webgme.guest.control.control.main()] INFO  org.webgme.guest.control.control - From processor, sockTimeP = 7.0   procTime = 7.0
18:02:11.646 [org.webgme.guest.control.control.main()] INFO  org.webgme.guest.control.control - => Sent elapsedTimeSock = 0.0,    elapsedTimeProc = 0.0,    ctrlTime = 7.0
18:02:11.668 [org.webgme.guest.control.control.main()] INFO  org.webgme.guest.control.control - waiting to receive SimTime...
18:02:12.674 [org.webgme.guest.control.control.main()] INFO  org.webgme.guest.control.control - waiting to receive SimTime...
18:02:12.679 [org.webgme.guest.control.control.main()] INFO  org.webgme.guest.control.control - From socket, sockTime = 8.0
18:02:13.680 [org.webgme.guest.control.control.main()] INFO  org.webgme.guest.control.control - waiting to receive SimTime...
18:02:13.681 [org.webgme.guest.control.control.main()] INFO  org.webgme.guest.control.control - From processor, sockTimeP = 8.0   procTime = 8.0
18:02:13.682 [org.webgme.guest.control.control.main()] INFO  org.webgme.guest.control.control - => Sent elapsedTimeSock = 0.0,    elapsedTimeProc = 0.0,    ctrlTime = 8.0
18:02:13.695 [org.webgme.guest.control.control.main()] INFO  org.webgme.guest.control.control - waiting to receive SimTime...
18:02:14.701 [org.webgme.guest.control.control.main()] INFO  org.webgme.guest.control.control - waiting to receive SimTime...
18:02:14.702 [org.webgme.guest.control.control.main()] INFO  org.webgme.guest.control.control - From socket, sockTime = 9.0
18:02:15.704 [org.webgme.guest.control.control.main()] INFO  org.webgme.guest.control.control - waiting to receive SimTime...
18:02:15.705 [org.webgme.guest.control.control.main()] INFO  org.webgme.guest.control.control - From processor, sockTimeP = 9.0   procTime = 9.0
18:02:15.706 [org.webgme.guest.control.control.main()] INFO  org.webgme.guest.control.control - => Sent elapsedTimeSock = 0.0,    elapsedTimeProc = 0.0,    ctrlTime = 9.0
18:02:15.728 [org.webgme.guest.control.control.main()] INFO  org.webgme.guest.control.control - waiting to receive SimTime...
18:02:16.733 [org.webgme.guest.control.control.main()] INFO  org.webgme.guest.control.control - waiting to receive SimTime...
18:02:16.734 [org.webgme.guest.control.control.main()] INFO  org.webgme.guest.control.control - From socket, sockTime = 10.0
18:02:17.735 [org.webgme.guest.control.control.main()] INFO  org.webgme.guest.control.control - waiting to receive SimTime...
18:02:17.736 [org.webgme.guest.control.control.main()] INFO  org.webgme.guest.control.control - From processor, sockTimeP = 10.0   procTime = 10.0
18:02:17.737 [org.webgme.guest.control.control.main()] INFO  org.webgme.guest.control.control - => Sent elapsedTimeSock = 0.0,    elapsedTimeProc = 0.0,    ctrlTime = 10.0
18:02:17.763 [org.webgme.guest.control.control.main()] INFO  org.webgme.guest.control.control - waiting to receive SimTime...
18:02:18.770 [org.webgme.guest.control.control.main()] INFO  org.webgme.guest.control.control - waiting to receive SimTime...
18:02:18.772 [org.webgme.guest.control.control.main()] INFO  org.webgme.guest.control.control - From socket, sockTime = 11.0
18:02:19.772 [org.webgme.guest.control.control.main()] INFO  org.webgme.guest.control.control - waiting to receive SimTime...
18:02:19.773 [org.webgme.guest.control.control.main()] INFO  org.webgme.guest.control.control - From processor, sockTimeP = 11.0   procTime = 11.0
18:02:19.775 [org.webgme.guest.control.control.main()] INFO  org.webgme.guest.control.control - => Sent elapsedTimeSock = 0.0,    elapsedTimeProc = 0.0,    ctrlTime = 11.0
18:02:19.798 [org.webgme.guest.control.control.main()] INFO  org.webgme.guest.control.control - waiting to receive SimTime...
18:02:20.807 [org.webgme.guest.control.control.main()] INFO  org.webgme.guest.control.control - waiting to receive SimTime...
18:02:20.809 [org.webgme.guest.control.control.main()] INFO  org.webgme.guest.control.control - From socket, sockTime = 12.0
18:02:21.810 [org.webgme.guest.control.control.main()] INFO  org.webgme.guest.control.control - waiting to receive SimTime...
18:02:21.811 [org.webgme.guest.control.control.main()] INFO  org.webgme.guest.control.control - From processor, sockTimeP = 12.0   procTime = 12.0
18:02:21.813 [org.webgme.guest.control.control.main()] INFO  org.webgme.guest.control.control - => Sent elapsedTimeSock = 0.0,    elapsedTimeProc = 0.0,    ctrlTime = 12.0
18:02:21.837 [org.webgme.guest.control.control.main()] INFO  org.webgme.guest.control.control - waiting to receive SimTime...
18:02:22.844 [org.webgme.guest.control.control.main()] INFO  org.webgme.guest.control.control - waiting to receive SimTime...
18:02:22.845 [org.webgme.guest.control.control.main()] INFO  org.webgme.guest.control.control - From socket, sockTime = 13.0
18:02:23.846 [org.webgme.guest.control.control.main()] INFO  org.webgme.guest.control.control - waiting to receive SimTime...
18:02:23.848 [org.webgme.guest.control.control.main()] INFO  org.webgme.guest.control.control - From processor, sockTimeP = 13.0   procTime = 13.0
18:02:23.851 [org.webgme.guest.control.control.main()] INFO  org.webgme.guest.control.control - => Sent elapsedTimeSock = 0.0,    elapsedTimeProc = 0.0,    ctrlTime = 13.0
18:02:23.875 [org.webgme.guest.control.control.main()] INFO  org.webgme.guest.control.control - waiting to receive SimTime...
18:02:24.900 [org.webgme.guest.control.control.main()] INFO  org.webgme.guest.control.control - waiting to receive SimTime...
18:02:24.903 [org.webgme.guest.control.control.main()] INFO  org.webgme.guest.control.control - From socket, sockTime = 14.0
18:02:25.904 [org.webgme.guest.control.control.main()] INFO  org.webgme.guest.control.control - waiting to receive SimTime...
18:02:25.904 [org.webgme.guest.control.control.main()] INFO  org.webgme.guest.control.control - From processor, sockTimeP = 14.0   procTime = 14.0
18:02:25.905 [org.webgme.guest.control.control.main()] INFO  org.webgme.guest.control.control - => Sent elapsedTimeSock = 0.0,    elapsedTimeProc = 0.0,    ctrlTime = 14.0
18:02:25.928 [org.webgme.guest.control.control.main()] INFO  org.webgme.guest.control.control - waiting to receive SimTime...
18:02:26.939 [org.webgme.guest.control.control.main()] INFO  org.webgme.guest.control.control - waiting to receive SimTime...
18:02:26.940 [org.webgme.guest.control.control.main()] INFO  org.webgme.guest.control.control - From socket, sockTime = 15.0
18:02:27.941 [org.webgme.guest.control.control.main()] INFO  org.webgme.guest.control.control - waiting to receive SimTime...
18:02:27.943 [org.webgme.guest.control.control.main()] INFO  org.webgme.guest.control.control - From processor, sockTimeP = 15.0   procTime = 15.0
18:02:27.945 [org.webgme.guest.control.control.main()] INFO  org.webgme.guest.control.control - => Sent elapsedTimeSock = 0.0,    elapsedTimeProc = 0.0,    ctrlTime = 15.0
18:02:27.971 [org.webgme.guest.control.control.main()] INFO  org.webgme.guest.control.control - waiting to receive SimTime...
18:02:28.986 [org.webgme.guest.control.control.main()] INFO  org.webgme.guest.control.control - waiting to receive SimTime...
18:02:28.987 [org.webgme.guest.control.control.main()] INFO  org.webgme.guest.control.control - From socket, sockTime = 16.0
18:02:29.991 [org.webgme.guest.control.control.main()] INFO  org.webgme.guest.control.control - waiting to receive SimTime...
18:02:29.993 [org.webgme.guest.control.control.main()] INFO  org.webgme.guest.control.control - From processor, sockTimeP = 16.0   procTime = 16.0
18:02:29.995 [org.webgme.guest.control.control.main()] INFO  org.webgme.guest.control.control - => Sent elapsedTimeSock = 0.0,    elapsedTimeProc = 0.0,    ctrlTime = 16.0
18:02:30.019 [org.webgme.guest.control.control.main()] INFO  org.webgme.guest.control.control - waiting to receive SimTime...
18:02:31.038 [org.webgme.guest.control.control.main()] INFO  org.webgme.guest.control.control - waiting to receive SimTime...
18:02:31.039 [org.webgme.guest.control.control.main()] INFO  org.webgme.guest.control.control - From socket, sockTime = 17.0
18:02:32.040 [org.webgme.guest.control.control.main()] INFO  org.webgme.guest.control.control - waiting to receive SimTime...
18:02:32.040 [org.webgme.guest.control.control.main()] INFO  org.webgme.guest.control.control - From processor, sockTimeP = 17.0   procTime = 17.0
18:02:32.041 [org.webgme.guest.control.control.main()] INFO  org.webgme.guest.control.control - => Sent elapsedTimeSock = 0.0,    elapsedTimeProc = 0.0,    ctrlTime = 17.0
18:02:32.063 [org.webgme.guest.control.control.main()] INFO  org.webgme.guest.control.control - waiting to receive SimTime...
18:02:33.069 [org.webgme.guest.control.control.main()] INFO  org.webgme.guest.control.control - waiting to receive SimTime...
18:02:33.071 [org.webgme.guest.control.control.main()] INFO  org.webgme.guest.control.control - From socket, sockTime = 18.0
18:02:34.071 [org.webgme.guest.control.control.main()] INFO  org.webgme.guest.control.control - waiting to receive SimTime...
18:02:34.073 [org.webgme.guest.control.control.main()] INFO  org.webgme.guest.control.control - From processor, sockTimeP = 18.0   procTime = 18.0
18:02:34.074 [org.webgme.guest.control.control.main()] INFO  org.webgme.guest.control.control - => Sent elapsedTimeSock = 0.0,    elapsedTimeProc = 0.0,    ctrlTime = 18.0
18:02:34.103 [org.webgme.guest.control.control.main()] INFO  org.webgme.guest.control.control - waiting to receive SimTime...
18:02:35.110 [org.webgme.guest.control.control.main()] INFO  org.webgme.guest.control.control - waiting to receive SimTime...
18:02:35.111 [org.webgme.guest.control.control.main()] INFO  org.webgme.guest.control.control - From socket, sockTime = 19.0
18:02:36.111 [org.webgme.guest.control.control.main()] INFO  org.webgme.guest.control.control - waiting to receive SimTime...
18:02:36.112 [org.webgme.guest.control.control.main()] INFO  org.webgme.guest.control.control - From processor, sockTimeP = 19.0   procTime = 19.0
18:02:36.114 [org.webgme.guest.control.control.main()] INFO  org.webgme.guest.control.control - => Sent elapsedTimeSock = 0.0,    elapsedTimeProc = 0.0,    ctrlTime = 19.0
18:02:36.150 [org.webgme.guest.control.control.main()] INFO  org.webgme.guest.control.control - waiting to receive SimTime...
18:02:37.157 [org.webgme.guest.control.control.main()] INFO  org.webgme.guest.control.control - waiting to receive SimTime...
18:02:37.159 [org.webgme.guest.control.control.main()] INFO  org.webgme.guest.control.control - From socket, sockTime = 20.0
18:02:38.162 [org.webgme.guest.control.control.main()] INFO  org.webgme.guest.control.control - waiting to receive SimTime...
18:02:38.163 [org.webgme.guest.control.control.main()] INFO  org.webgme.guest.control.control - From processor, sockTimeP = 20.0   procTime = 20.0
18:02:38.165 [org.webgme.guest.control.control.main()] INFO  org.webgme.guest.control.control - => Sent elapsedTimeSock = 0.0,    elapsedTimeProc = 0.0,    ctrlTime = 20.0
18:02:38.182 [org.webgme.guest.control.control.main()] INFO  org.webgme.guest.control.control - waiting to receive SimTime...
18:02:39.189 [org.webgme.guest.control.control.main()] INFO  org.webgme.guest.control.control - waiting to receive SimTime...
18:02:39.190 [org.webgme.guest.control.control.main()] INFO  org.webgme.guest.control.control - From socket, sockTime = 21.0
18:02:40.191 [org.webgme.guest.control.control.main()] INFO  org.webgme.guest.control.control - waiting to receive SimTime...
18:02:40.192 [org.webgme.guest.control.control.main()] INFO  org.webgme.guest.control.control - From processor, sockTimeP = 21.0   procTime = 21.0
18:02:40.194 [org.webgme.guest.control.control.main()] INFO  org.webgme.guest.control.control - => Sent elapsedTimeSock = 0.0,    elapsedTimeProc = 0.0,    ctrlTime = 21.0
18:02:40.217 [org.webgme.guest.control.control.main()] INFO  org.webgme.guest.control.control - waiting to receive SimTime...
18:02:41.223 [org.webgme.guest.control.control.main()] INFO  org.webgme.guest.control.control - waiting to receive SimTime...
18:02:41.225 [org.webgme.guest.control.control.main()] INFO  org.webgme.guest.control.control - From socket, sockTime = 22.0
18:02:42.225 [org.webgme.guest.control.control.main()] INFO  org.webgme.guest.control.control - waiting to receive SimTime...
18:02:42.226 [org.webgme.guest.control.control.main()] INFO  org.webgme.guest.control.control - From processor, sockTimeP = 22.0   procTime = 22.0
18:02:42.227 [org.webgme.guest.control.control.main()] INFO  org.webgme.guest.control.control - => Sent elapsedTimeSock = 0.0,    elapsedTimeProc = 0.0,    ctrlTime = 22.0
18:02:42.250 [org.webgme.guest.control.control.main()] INFO  org.webgme.guest.control.control - waiting to receive SimTime...
18:02:43.256 [org.webgme.guest.control.control.main()] INFO  org.webgme.guest.control.control - waiting to receive SimTime...
18:02:43.257 [org.webgme.guest.control.control.main()] INFO  org.webgme.guest.control.control - From socket, sockTime = 23.0
18:02:44.257 [org.webgme.guest.control.control.main()] INFO  org.webgme.guest.control.control - waiting to receive SimTime...
18:02:44.259 [org.webgme.guest.control.control.main()] INFO  org.webgme.guest.control.control - From processor, sockTimeP = 23.0   procTime = 23.0
18:02:44.260 [org.webgme.guest.control.control.main()] INFO  org.webgme.guest.control.control - => Sent elapsedTimeSock = 0.0,    elapsedTimeProc = 0.0,    ctrlTime = 23.0
18:02:44.273 [org.webgme.guest.control.control.main()] INFO  org.webgme.guest.control.control - waiting to receive SimTime...
18:02:45.281 [org.webgme.guest.control.control.main()] INFO  org.webgme.guest.control.control - waiting to receive SimTime...
18:02:45.283 [org.webgme.guest.control.control.main()] INFO  org.webgme.guest.control.control - From socket, sockTime = 24.0
18:02:46.285 [org.webgme.guest.control.control.main()] INFO  org.webgme.guest.control.control - waiting to receive SimTime...
18:02:46.287 [org.webgme.guest.control.control.main()] INFO  org.webgme.guest.control.control - From processor, sockTimeP = 24.0   procTime = 24.0
18:02:46.289 [org.webgme.guest.control.control.main()] INFO  org.webgme.guest.control.control - => Sent elapsedTimeSock = 0.0,    elapsedTimeProc = 0.0,    ctrlTime = 24.0
18:02:46.315 [org.webgme.guest.control.control.main()] INFO  org.webgme.guest.control.control - waiting to receive SimTime...
18:02:47.326 [org.webgme.guest.control.control.main()] INFO  org.webgme.guest.control.control - waiting to receive SimTime...
18:02:47.329 [org.webgme.guest.control.control.main()] INFO  org.webgme.guest.control.control - From socket, sockTime = 25.0
18:02:48.330 [org.webgme.guest.control.control.main()] INFO  org.webgme.guest.control.control - waiting to receive SimTime...
18:02:48.332 [org.webgme.guest.control.control.main()] INFO  org.webgme.guest.control.control - From processor, sockTimeP = 25.0   procTime = 25.0
18:02:48.335 [org.webgme.guest.control.control.main()] INFO  org.webgme.guest.control.control - => Sent elapsedTimeSock = 0.0,    elapsedTimeProc = 0.0,    ctrlTime = 25.0
18:02:48.360 [org.webgme.guest.control.control.main()] INFO  org.webgme.guest.control.control - waiting to receive SimTime...
18:02:49.367 [org.webgme.guest.control.control.main()] INFO  org.webgme.guest.control.control - waiting to receive SimTime...
18:02:49.367 [org.webgme.guest.control.control.main()] INFO  org.webgme.guest.control.control - From socket, sockTime = 26.0
18:02:50.371 [org.webgme.guest.control.control.main()] INFO  org.webgme.guest.control.control - waiting to receive SimTime...
18:02:50.373 [org.webgme.guest.control.control.main()] INFO  org.webgme.guest.control.control - From processor, sockTimeP = 26.0   procTime = 26.0
18:02:50.374 [org.webgme.guest.control.control.main()] INFO  org.webgme.guest.control.control - => Sent elapsedTimeSock = 0.0,    elapsedTimeProc = 0.0,    ctrlTime = 26.0
18:02:50.399 [org.webgme.guest.control.control.main()] INFO  org.webgme.guest.control.control - waiting to receive SimTime...
18:02:51.405 [org.webgme.guest.control.control.main()] INFO  org.webgme.guest.control.control - waiting to receive SimTime...
18:02:51.407 [org.webgme.guest.control.control.main()] INFO  org.webgme.guest.control.control - From socket, sockTime = 27.0
18:02:52.410 [org.webgme.guest.control.control.main()] INFO  org.webgme.guest.control.control - waiting to receive SimTime...
18:02:52.412 [org.webgme.guest.control.control.main()] INFO  org.webgme.guest.control.control - From processor, sockTimeP = 27.0   procTime = 27.0
18:02:52.413 [org.webgme.guest.control.control.main()] INFO  org.webgme.guest.control.control - => Sent elapsedTimeSock = 0.0,    elapsedTimeProc = 0.0,    ctrlTime = 27.0
18:02:52.436 [org.webgme.guest.control.control.main()] INFO  org.webgme.guest.control.control - waiting to receive SimTime...
18:02:53.442 [org.webgme.guest.control.control.main()] INFO  org.webgme.guest.control.control - waiting to receive SimTime...
18:02:53.443 [org.webgme.guest.control.control.main()] INFO  org.webgme.guest.control.control - From socket, sockTime = 28.0
18:02:54.446 [org.webgme.guest.control.control.main()] INFO  org.webgme.guest.control.control - waiting to receive SimTime...
18:02:54.448 [org.webgme.guest.control.control.main()] INFO  org.webgme.guest.control.control - From processor, sockTimeP = 28.0   procTime = 28.0
18:02:54.454 [org.webgme.guest.control.control.main()] INFO  org.webgme.guest.control.control - => Sent elapsedTimeSock = 0.0,    elapsedTimeProc = 0.0,    ctrlTime = 28.0
18:02:54.477 [org.webgme.guest.control.control.main()] INFO  org.webgme.guest.control.control - waiting to receive SimTime...
18:02:55.483 [org.webgme.guest.control.control.main()] INFO  org.webgme.guest.control.control - waiting to receive SimTime...
18:02:55.484 [org.webgme.guest.control.control.main()] INFO  org.webgme.guest.control.control - From socket, sockTime = 29.0
18:02:56.485 [org.webgme.guest.control.control.main()] INFO  org.webgme.guest.control.control - waiting to receive SimTime...
18:02:56.491 [org.webgme.guest.control.control.main()] INFO  org.webgme.guest.control.control - From processor, sockTimeP = 29.0   procTime = 29.0
18:02:56.492 [org.webgme.guest.control.control.main()] INFO  org.webgme.guest.control.control - => Sent elapsedTimeSock = 0.0,    elapsedTimeProc = 0.0,    ctrlTime = 29.0
18:02:56.517 [org.webgme.guest.control.control.main()] INFO  org.webgme.guest.control.control - waiting to receive SimTime...
18:02:57.526 [org.webgme.guest.control.control.main()] INFO  org.webgme.guest.control.control - waiting to receive SimTime...
18:02:57.526 [org.webgme.guest.control.control.main()] INFO  org.webgme.guest.control.control - From socket, sockTime = 30.0
18:02:58.527 [org.webgme.guest.control.control.main()] INFO  org.webgme.guest.control.control - waiting to receive SimTime...
18:02:58.527 [org.webgme.guest.control.control.main()] INFO  org.webgme.guest.control.control - From processor, sockTimeP = 30.0   procTime = 30.0
18:02:58.528 [org.webgme.guest.control.control.main()] INFO  org.webgme.guest.control.control - => Sent elapsedTimeSock = 0.0,    elapsedTimeProc = 0.0,    ctrlTime = 30.0
18:02:58.553 [org.webgme.guest.control.control.main()] INFO  org.webgme.guest.control.control - waiting to receive SimTime...
18:02:59.559 [org.webgme.guest.control.control.main()] INFO  org.webgme.guest.control.control - waiting to receive SimTime...
18:02:59.560 [org.webgme.guest.control.control.main()] INFO  org.webgme.guest.control.control - From socket, sockTime = 31.0
18:03:00.560 [org.webgme.guest.control.control.main()] INFO  org.webgme.guest.control.control - waiting to receive SimTime...
18:03:00.560 [org.webgme.guest.control.control.main()] INFO  org.webgme.guest.control.control - From processor, sockTimeP = 31.0   procTime = 31.0
18:03:00.561 [org.webgme.guest.control.control.main()] INFO  org.webgme.guest.control.control - => Sent elapsedTimeSock = 0.0,    elapsedTimeProc = 0.0,    ctrlTime = 31.0
18:03:00.584 [org.webgme.guest.control.control.main()] INFO  org.webgme.guest.control.control - waiting to receive SimTime...
18:03:01.592 [org.webgme.guest.control.control.main()] INFO  org.webgme.guest.control.control - waiting to receive SimTime...
18:03:01.593 [org.webgme.guest.control.control.main()] INFO  org.webgme.guest.control.control - From socket, sockTime = 32.0
18:03:02.594 [org.webgme.guest.control.control.main()] INFO  org.webgme.guest.control.control - waiting to receive SimTime...
18:03:02.594 [org.webgme.guest.control.control.main()] INFO  org.webgme.guest.control.control - From processor, sockTimeP = 32.0   procTime = 32.0
18:03:02.595 [org.webgme.guest.control.control.main()] INFO  org.webgme.guest.control.control - => Sent elapsedTimeSock = 0.0,    elapsedTimeProc = 0.0,    ctrlTime = 32.0
18:03:02.619 [org.webgme.guest.control.control.main()] INFO  org.webgme.guest.control.control - waiting to receive SimTime...
18:03:03.625 [org.webgme.guest.control.control.main()] INFO  org.webgme.guest.control.control - waiting to receive SimTime...
18:03:03.626 [org.webgme.guest.control.control.main()] INFO  org.webgme.guest.control.control - From socket, sockTime = 33.0
18:03:04.626 [org.webgme.guest.control.control.main()] INFO  org.webgme.guest.control.control - waiting to receive SimTime...
18:03:04.628 [org.webgme.guest.control.control.main()] INFO  org.webgme.guest.control.control - From processor, sockTimeP = 33.0   procTime = 33.0
18:03:04.629 [org.webgme.guest.control.control.main()] INFO  org.webgme.guest.control.control - => Sent elapsedTimeSock = 0.0,    elapsedTimeProc = 0.0,    ctrlTime = 33.0
18:03:04.655 [org.webgme.guest.control.control.main()] INFO  org.webgme.guest.control.control - waiting to receive SimTime...
18:03:05.661 [org.webgme.guest.control.control.main()] INFO  org.webgme.guest.control.control - waiting to receive SimTime...
18:03:05.662 [org.webgme.guest.control.control.main()] INFO  org.webgme.guest.control.control - From socket, sockTime = 34.0
18:03:06.663 [org.webgme.guest.control.control.main()] INFO  org.webgme.guest.control.control - waiting to receive SimTime...
18:03:06.664 [org.webgme.guest.control.control.main()] INFO  org.webgme.guest.control.control - From processor, sockTimeP = 34.0   procTime = 34.0
18:03:06.667 [org.webgme.guest.control.control.main()] INFO  org.webgme.guest.control.control - => Sent elapsedTimeSock = 0.0,    elapsedTimeProc = 0.0,    ctrlTime = 34.0
18:03:06.690 [org.webgme.guest.control.control.main()] INFO  org.webgme.guest.control.control - waiting to receive SimTime...
18:03:07.697 [org.webgme.guest.control.control.main()] INFO  org.webgme.guest.control.control - waiting to receive SimTime...
18:03:07.698 [org.webgme.guest.control.control.main()] INFO  org.webgme.guest.control.control - From socket, sockTime = 35.0
18:03:08.699 [org.webgme.guest.control.control.main()] INFO  org.webgme.guest.control.control - waiting to receive SimTime...
18:03:08.700 [org.webgme.guest.control.control.main()] INFO  org.webgme.guest.control.control - From processor, sockTimeP = 35.0   procTime = 35.0
18:03:08.702 [org.webgme.guest.control.control.main()] INFO  org.webgme.guest.control.control - => Sent elapsedTimeSock = 0.0,    elapsedTimeProc = 0.0,    ctrlTime = 35.0
18:03:08.725 [org.webgme.guest.control.control.main()] INFO  org.webgme.guest.control.control - waiting to receive SimTime...
18:03:09.734 [org.webgme.guest.control.control.main()] INFO  org.webgme.guest.control.control - waiting to receive SimTime...
18:03:09.737 [org.webgme.guest.control.control.main()] INFO  org.webgme.guest.control.control - From socket, sockTime = 36.0
18:03:10.738 [org.webgme.guest.control.control.main()] INFO  org.webgme.guest.control.control - waiting to receive SimTime...
18:03:10.739 [org.webgme.guest.control.control.main()] INFO  org.webgme.guest.control.control - From processor, sockTimeP = 36.0   procTime = 36.0
18:03:10.739 [org.webgme.guest.control.control.main()] INFO  org.webgme.guest.control.control - => Sent elapsedTimeSock = 0.0,    elapsedTimeProc = 0.0,    ctrlTime = 36.0
18:03:10.764 [org.webgme.guest.control.control.main()] INFO  org.webgme.guest.control.control - waiting to receive SimTime...
18:03:11.770 [org.webgme.guest.control.control.main()] INFO  org.webgme.guest.control.control - waiting to receive SimTime...
18:03:11.771 [org.webgme.guest.control.control.main()] INFO  org.webgme.guest.control.control - From socket, sockTime = 37.0
18:03:12.774 [org.webgme.guest.control.control.main()] INFO  org.webgme.guest.control.control - waiting to receive SimTime...
18:03:12.775 [org.webgme.guest.control.control.main()] INFO  org.webgme.guest.control.control - From processor, sockTimeP = 37.0   procTime = 37.0
18:03:12.776 [org.webgme.guest.control.control.main()] INFO  org.webgme.guest.control.control - => Sent elapsedTimeSock = 0.0,    elapsedTimeProc = 0.0,    ctrlTime = 37.0
18:03:12.798 [org.webgme.guest.control.control.main()] INFO  org.webgme.guest.control.control - waiting to receive SimTime...
18:03:13.804 [org.webgme.guest.control.control.main()] INFO  org.webgme.guest.control.control - waiting to receive SimTime...
18:03:13.805 [org.webgme.guest.control.control.main()] INFO  org.webgme.guest.control.control - From socket, sockTime = 38.0
18:03:14.812 [org.webgme.guest.control.control.main()] INFO  org.webgme.guest.control.control - waiting to receive SimTime...
18:03:14.813 [org.webgme.guest.control.control.main()] INFO  org.webgme.guest.control.control - From processor, sockTimeP = 38.0   procTime = 38.0
18:03:14.814 [org.webgme.guest.control.control.main()] INFO  org.webgme.guest.control.control - => Sent elapsedTimeSock = 0.0,    elapsedTimeProc = 0.0,    ctrlTime = 38.0
18:03:14.839 [org.webgme.guest.control.control.main()] INFO  org.webgme.guest.control.control - waiting to receive SimTime...
18:03:15.846 [org.webgme.guest.control.control.main()] INFO  org.webgme.guest.control.control - waiting to receive SimTime...
18:03:15.847 [org.webgme.guest.control.control.main()] INFO  org.webgme.guest.control.control - From socket, sockTime = 39.0
18:03:16.848 [org.webgme.guest.control.control.main()] INFO  org.webgme.guest.control.control - waiting to receive SimTime...
18:03:16.848 [org.webgme.guest.control.control.main()] INFO  org.webgme.guest.control.control - From processor, sockTimeP = 39.0   procTime = 39.0
18:03:16.849 [org.webgme.guest.control.control.main()] INFO  org.webgme.guest.control.control - => Sent elapsedTimeSock = 0.0,    elapsedTimeProc = 0.0,    ctrlTime = 39.0
18:03:16.884 [org.webgme.guest.control.control.main()] INFO  org.webgme.guest.control.control - waiting to receive SimTime...
18:03:17.894 [org.webgme.guest.control.control.main()] INFO  org.webgme.guest.control.control - waiting to receive SimTime...
18:03:17.895 [org.webgme.guest.control.control.main()] INFO  org.webgme.guest.control.control - From socket, sockTime = 40.0
18:03:18.897 [org.webgme.guest.control.control.main()] INFO  org.webgme.guest.control.control - waiting to receive SimTime...
18:03:18.898 [org.webgme.guest.control.control.main()] INFO  org.webgme.guest.control.control - From processor, sockTimeP = 40.0   procTime = 40.0
18:03:18.899 [org.webgme.guest.control.control.main()] INFO  org.webgme.guest.control.control - => Sent elapsedTimeSock = 0.0,    elapsedTimeProc = 0.0,    ctrlTime = 40.0
18:03:18.922 [org.webgme.guest.control.control.main()] INFO  org.webgme.guest.control.control - waiting to receive SimTime...
18:03:19.929 [org.webgme.guest.control.control.main()] INFO  org.webgme.guest.control.control - waiting to receive SimTime...
18:03:19.929 [org.webgme.guest.control.control.main()] INFO  org.webgme.guest.control.control - From socket, sockTime = 41.0
18:03:20.930 [org.webgme.guest.control.control.main()] INFO  org.webgme.guest.control.control - waiting to receive SimTime...
18:03:20.933 [org.webgme.guest.control.control.main()] INFO  org.webgme.guest.control.control - From processor, sockTimeP = 41.0   procTime = 41.0
18:03:20.934 [org.webgme.guest.control.control.main()] INFO  org.webgme.guest.control.control - => Sent elapsedTimeSock = 0.0,    elapsedTimeProc = 0.0,    ctrlTime = 41.0
18:03:20.957 [org.webgme.guest.control.control.main()] INFO  org.webgme.guest.control.control - waiting to receive SimTime...
18:03:21.964 [org.webgme.guest.control.control.main()] INFO  org.webgme.guest.control.control - waiting to receive SimTime...
18:03:21.966 [org.webgme.guest.control.control.main()] INFO  org.webgme.guest.control.control - From socket, sockTime = 42.0
18:03:22.967 [org.webgme.guest.control.control.main()] INFO  org.webgme.guest.control.control - waiting to receive SimTime...
18:03:22.968 [org.webgme.guest.control.control.main()] INFO  org.webgme.guest.control.control - From processor, sockTimeP = 42.0   procTime = 42.0
18:03:22.969 [org.webgme.guest.control.control.main()] INFO  org.webgme.guest.control.control - => Sent elapsedTimeSock = 0.0,    elapsedTimeProc = 0.0,    ctrlTime = 42.0
18:03:22.992 [org.webgme.guest.control.control.main()] INFO  org.webgme.guest.control.control - waiting to receive SimTime...
18:03:23.999 [org.webgme.guest.control.control.main()] INFO  org.webgme.guest.control.control - waiting to receive SimTime...
18:03:23.999 [org.webgme.guest.control.control.main()] INFO  org.webgme.guest.control.control - From socket, sockTime = 43.0
18:03:25.000 [org.webgme.guest.control.control.main()] INFO  org.webgme.guest.control.control - waiting to receive SimTime...
18:03:25.000 [org.webgme.guest.control.control.main()] INFO  org.webgme.guest.control.control - From processor, sockTimeP = 43.0   procTime = 43.0
18:03:25.001 [org.webgme.guest.control.control.main()] INFO  org.webgme.guest.control.control - => Sent elapsedTimeSock = 0.0,    elapsedTimeProc = 0.0,    ctrlTime = 43.0
18:03:25.015 [org.webgme.guest.control.control.main()] INFO  org.webgme.guest.control.control - waiting to receive SimTime...
18:03:26.022 [org.webgme.guest.control.control.main()] INFO  org.webgme.guest.control.control - waiting to receive SimTime...
18:03:26.023 [org.webgme.guest.control.control.main()] INFO  org.webgme.guest.control.control - From socket, sockTime = 44.0
18:03:27.024 [org.webgme.guest.control.control.main()] INFO  org.webgme.guest.control.control - waiting to receive SimTime...
18:03:27.025 [org.webgme.guest.control.control.main()] INFO  org.webgme.guest.control.control - From processor, sockTimeP = 44.0   procTime = 44.0
18:03:27.027 [org.webgme.guest.control.control.main()] INFO  org.webgme.guest.control.control - => Sent elapsedTimeSock = 0.0,    elapsedTimeProc = 0.0,    ctrlTime = 44.0
18:03:27.050 [org.webgme.guest.control.control.main()] INFO  org.webgme.guest.control.control - waiting to receive SimTime...
18:03:28.057 [org.webgme.guest.control.control.main()] INFO  org.webgme.guest.control.control - waiting to receive SimTime...
18:03:28.057 [org.webgme.guest.control.control.main()] INFO  org.webgme.guest.control.control - From socket, sockTime = 45.0
18:03:29.058 [org.webgme.guest.control.control.main()] INFO  org.webgme.guest.control.control - waiting to receive SimTime...
18:03:29.059 [org.webgme.guest.control.control.main()] INFO  org.webgme.guest.control.control - From processor, sockTimeP = 45.0   procTime = 45.0
18:03:29.060 [org.webgme.guest.control.control.main()] INFO  org.webgme.guest.control.control - => Sent elapsedTimeSock = 0.0,    elapsedTimeProc = 0.0,    ctrlTime = 45.0
18:03:29.083 [org.webgme.guest.control.control.main()] INFO  org.webgme.guest.control.control - waiting to receive SimTime...
18:03:30.089 [org.webgme.guest.control.control.main()] INFO  org.webgme.guest.control.control - waiting to receive SimTime...
18:03:30.090 [org.webgme.guest.control.control.main()] INFO  org.webgme.guest.control.control - From socket, sockTime = 46.0
18:03:31.091 [org.webgme.guest.control.control.main()] INFO  org.webgme.guest.control.control - waiting to receive SimTime...
18:03:31.092 [org.webgme.guest.control.control.main()] INFO  org.webgme.guest.control.control - From processor, sockTimeP = 46.0   procTime = 46.0
18:03:31.093 [org.webgme.guest.control.control.main()] INFO  org.webgme.guest.control.control - => Sent elapsedTimeSock = 0.0,    elapsedTimeProc = 0.0,    ctrlTime = 46.0
18:03:31.116 [org.webgme.guest.control.control.main()] INFO  org.webgme.guest.control.control - waiting to receive SimTime...
18:03:32.123 [org.webgme.guest.control.control.main()] INFO  org.webgme.guest.control.control - waiting to receive SimTime...
18:03:32.124 [org.webgme.guest.control.control.main()] INFO  org.webgme.guest.control.control - From socket, sockTime = 47.0
18:03:33.126 [org.webgme.guest.control.control.main()] INFO  org.webgme.guest.control.control - waiting to receive SimTime...
18:03:33.127 [org.webgme.guest.control.control.main()] INFO  org.webgme.guest.control.control - From processor, sockTimeP = 47.0   procTime = 47.0
18:03:33.127 [org.webgme.guest.control.control.main()] INFO  org.webgme.guest.control.control - => Sent elapsedTimeSock = 0.0,    elapsedTimeProc = 0.0,    ctrlTime = 47.0
18:03:33.150 [org.webgme.guest.control.control.main()] INFO  org.webgme.guest.control.control - waiting to receive SimTime...
18:03:34.157 [org.webgme.guest.control.control.main()] INFO  org.webgme.guest.control.control - waiting to receive SimTime...
18:03:34.158 [org.webgme.guest.control.control.main()] INFO  org.webgme.guest.control.control - From socket, sockTime = 48.0
18:03:35.160 [org.webgme.guest.control.control.main()] INFO  org.webgme.guest.control.control - waiting to receive SimTime...
18:03:35.161 [org.webgme.guest.control.control.main()] INFO  org.webgme.guest.control.control - From processor, sockTimeP = 48.0   procTime = 48.0
18:03:35.161 [org.webgme.guest.control.control.main()] INFO  org.webgme.guest.control.control - => Sent elapsedTimeSock = 0.0,    elapsedTimeProc = 0.0,    ctrlTime = 48.0
18:03:35.186 [org.webgme.guest.control.control.main()] INFO  org.webgme.guest.control.control - waiting to receive SimTime...
18:03:36.193 [org.webgme.guest.control.control.main()] INFO  org.webgme.guest.control.control - waiting to receive SimTime...
18:03:36.195 [org.webgme.guest.control.control.main()] INFO  org.webgme.guest.control.control - From socket, sockTime = 49.0
18:03:37.195 [org.webgme.guest.control.control.main()] INFO  org.webgme.guest.control.control - waiting to receive SimTime...
18:03:37.196 [org.webgme.guest.control.control.main()] INFO  org.webgme.guest.control.control - From processor, sockTimeP = 49.0   procTime = 49.0
18:03:37.197 [org.webgme.guest.control.control.main()] INFO  org.webgme.guest.control.control - => Sent elapsedTimeSock = 0.0,    elapsedTimeProc = 0.0,    ctrlTime = 49.0
18:03:37.220 [org.webgme.guest.control.control.main()] INFO  org.webgme.guest.control.control - waiting to receive SimTime...
18:03:38.232 [org.webgme.guest.control.control.main()] INFO  org.webgme.guest.control.control - waiting to receive SimTime...
18:03:38.234 [org.webgme.guest.control.control.main()] INFO  org.webgme.guest.control.control - From socket, sockTime = 50.0
18:03:39.234 [org.webgme.guest.control.control.main()] INFO  org.webgme.guest.control.control - waiting to receive SimTime...
18:03:39.236 [org.webgme.guest.control.control.main()] INFO  org.webgme.guest.control.control - From processor, sockTimeP = 50.0   procTime = 50.0
18:03:39.237 [org.webgme.guest.control.control.main()] INFO  org.webgme.guest.control.control - => Sent elapsedTimeSock = 0.0,    elapsedTimeProc = 0.0,    ctrlTime = 50.0
18:03:39.260 [org.webgme.guest.control.control.main()] INFO  org.webgme.guest.control.control - waiting to receive SimTime...
18:03:40.266 [org.webgme.guest.control.control.main()] INFO  org.webgme.guest.control.control - waiting to receive SimTime...
18:03:40.268 [org.webgme.guest.control.control.main()] INFO  org.webgme.guest.control.control - From socket, sockTime = 51.0
18:03:41.269 [org.webgme.guest.control.control.main()] INFO  org.webgme.guest.control.control - waiting to receive SimTime...
18:03:41.270 [org.webgme.guest.control.control.main()] INFO  org.webgme.guest.control.control - From processor, sockTimeP = 51.0   procTime = 51.0
18:03:41.270 [org.webgme.guest.control.control.main()] INFO  org.webgme.guest.control.control - => Sent elapsedTimeSock = 0.0,    elapsedTimeProc = 0.0,    ctrlTime = 51.0
18:03:41.292 [org.webgme.guest.control.control.main()] INFO  org.webgme.guest.control.control - waiting to receive SimTime...
18:03:42.298 [org.webgme.guest.control.control.main()] INFO  org.webgme.guest.control.control - waiting to receive SimTime...
18:03:42.299 [org.webgme.guest.control.control.main()] INFO  org.webgme.guest.control.control - From socket, sockTime = 52.0
18:03:43.300 [org.webgme.guest.control.control.main()] INFO  org.webgme.guest.control.control - waiting to receive SimTime...
18:03:43.301 [org.webgme.guest.control.control.main()] INFO  org.webgme.guest.control.control - From processor, sockTimeP = 52.0   procTime = 52.0
18:03:43.303 [org.webgme.guest.control.control.main()] INFO  org.webgme.guest.control.control - => Sent elapsedTimeSock = 0.0,    elapsedTimeProc = 0.0,    ctrlTime = 52.0
18:03:43.327 [org.webgme.guest.control.control.main()] INFO  org.webgme.guest.control.control - waiting to receive SimTime...
18:03:44.333 [org.webgme.guest.control.control.main()] INFO  org.webgme.guest.control.control - waiting to receive SimTime...
18:03:44.335 [org.webgme.guest.control.control.main()] INFO  org.webgme.guest.control.control - From socket, sockTime = 53.0
18:03:45.335 [org.webgme.guest.control.control.main()] INFO  org.webgme.guest.control.control - waiting to receive SimTime...
18:03:45.336 [org.webgme.guest.control.control.main()] INFO  org.webgme.guest.control.control - From processor, sockTimeP = 53.0   procTime = 53.0
18:03:45.338 [org.webgme.guest.control.control.main()] INFO  org.webgme.guest.control.control - => Sent elapsedTimeSock = 0.0,    elapsedTimeProc = 0.0,    ctrlTime = 53.0
18:03:45.362 [org.webgme.guest.control.control.main()] INFO  org.webgme.guest.control.control - waiting to receive SimTime...
18:03:46.375 [org.webgme.guest.control.control.main()] INFO  org.webgme.guest.control.control - waiting to receive SimTime...
18:03:46.376 [org.webgme.guest.control.control.main()] INFO  org.webgme.guest.control.control - From socket, sockTime = 54.0
18:03:47.379 [org.webgme.guest.control.control.main()] INFO  org.webgme.guest.control.control - waiting to receive SimTime...
18:03:47.380 [org.webgme.guest.control.control.main()] INFO  org.webgme.guest.control.control - From processor, sockTimeP = 54.0   procTime = 54.0
18:03:47.381 [org.webgme.guest.control.control.main()] INFO  org.webgme.guest.control.control - => Sent elapsedTimeSock = 0.0,    elapsedTimeProc = 0.0,    ctrlTime = 54.0
18:03:47.403 [org.webgme.guest.control.control.main()] INFO  org.webgme.guest.control.control - waiting to receive SimTime...
18:03:48.409 [org.webgme.guest.control.control.main()] INFO  org.webgme.guest.control.control - waiting to receive SimTime...
18:03:48.411 [org.webgme.guest.control.control.main()] INFO  org.webgme.guest.control.control - From socket, sockTime = 55.0
18:03:49.412 [org.webgme.guest.control.control.main()] INFO  org.webgme.guest.control.control - waiting to receive SimTime...
18:03:49.413 [org.webgme.guest.control.control.main()] INFO  org.webgme.guest.control.control - From processor, sockTimeP = 55.0   procTime = 55.0
18:03:49.414 [org.webgme.guest.control.control.main()] INFO  org.webgme.guest.control.control - => Sent elapsedTimeSock = 0.0,    elapsedTimeProc = 0.0,    ctrlTime = 55.0
18:03:49.439 [org.webgme.guest.control.control.main()] INFO  org.webgme.guest.control.control - waiting to receive SimTime...
18:03:50.445 [org.webgme.guest.control.control.main()] INFO  org.webgme.guest.control.control - waiting to receive SimTime...
18:03:50.447 [org.webgme.guest.control.control.main()] INFO  org.webgme.guest.control.control - From socket, sockTime = 56.0
18:03:51.448 [org.webgme.guest.control.control.main()] INFO  org.webgme.guest.control.control - waiting to receive SimTime...
18:03:51.449 [org.webgme.guest.control.control.main()] INFO  org.webgme.guest.control.control - From processor, sockTimeP = 56.0   procTime = 56.0
18:03:51.450 [org.webgme.guest.control.control.main()] INFO  org.webgme.guest.control.control - => Sent elapsedTimeSock = 0.0,    elapsedTimeProc = 0.0,    ctrlTime = 56.0
18:03:51.473 [org.webgme.guest.control.control.main()] INFO  org.webgme.guest.control.control - waiting to receive SimTime...
18:03:52.479 [org.webgme.guest.control.control.main()] INFO  org.webgme.guest.control.control - waiting to receive SimTime...
18:03:52.481 [org.webgme.guest.control.control.main()] INFO  org.webgme.guest.control.control - From socket, sockTime = 57.0
18:03:53.484 [org.webgme.guest.control.control.main()] INFO  org.webgme.guest.control.control - waiting to receive SimTime...
18:03:53.485 [org.webgme.guest.control.control.main()] INFO  org.webgme.guest.control.control - From processor, sockTimeP = 57.0   procTime = 57.0
18:03:53.486 [org.webgme.guest.control.control.main()] INFO  org.webgme.guest.control.control - => Sent elapsedTimeSock = 0.0,    elapsedTimeProc = 0.0,    ctrlTime = 57.0
18:03:53.508 [org.webgme.guest.control.control.main()] INFO  org.webgme.guest.control.control - waiting to receive SimTime...
18:03:54.515 [org.webgme.guest.control.control.main()] INFO  org.webgme.guest.control.control - waiting to receive SimTime...
18:03:54.516 [org.webgme.guest.control.control.main()] INFO  org.webgme.guest.control.control - From socket, sockTime = 58.0
18:03:55.517 [org.webgme.guest.control.control.main()] INFO  org.webgme.guest.control.control - waiting to receive SimTime...
18:03:55.518 [org.webgme.guest.control.control.main()] INFO  org.webgme.guest.control.control - From processor, sockTimeP = 58.0   procTime = 58.0
18:03:55.519 [org.webgme.guest.control.control.main()] INFO  org.webgme.guest.control.control - => Sent elapsedTimeSock = 0.0,    elapsedTimeProc = 0.0,    ctrlTime = 58.0
18:03:55.541 [org.webgme.guest.control.control.main()] INFO  org.webgme.guest.control.control - waiting to receive SimTime...
18:03:56.547 [org.webgme.guest.control.control.main()] INFO  org.webgme.guest.control.control - waiting to receive SimTime...
18:03:56.548 [org.webgme.guest.control.control.main()] INFO  org.webgme.guest.control.control - From socket, sockTime = 59.0
18:03:57.550 [org.webgme.guest.control.control.main()] INFO  org.webgme.guest.control.control - waiting to receive SimTime...
18:03:57.551 [org.webgme.guest.control.control.main()] INFO  org.webgme.guest.control.control - From processor, sockTimeP = 59.0   procTime = 59.0
18:03:57.552 [org.webgme.guest.control.control.main()] INFO  org.webgme.guest.control.control - => Sent elapsedTimeSock = 0.0,    elapsedTimeProc = 0.0,    ctrlTime = 59.0
18:03:57.576 [org.webgme.guest.control.control.main()] INFO  org.webgme.guest.control.control - waiting to receive SimTime...
18:03:58.583 [org.webgme.guest.control.control.main()] INFO  org.webgme.guest.control.control - waiting to receive SimTime...
18:03:58.584 [org.webgme.guest.control.control.main()] INFO  org.webgme.guest.control.control - From socket, sockTime = 60.0
18:03:59.584 [org.webgme.guest.control.control.main()] INFO  org.webgme.guest.control.control - waiting to receive SimTime...
18:03:59.585 [org.webgme.guest.control.control.main()] INFO  org.webgme.guest.control.control - From processor, sockTimeP = 60.0   procTime = 60.0
18:03:59.587 [org.webgme.guest.control.control.main()] INFO  org.webgme.guest.control.control - => Sent elapsedTimeSock = 0.0,    elapsedTimeProc = 0.0,    ctrlTime = 60.0
18:03:59.610 [org.webgme.guest.control.control.main()] INFO  org.webgme.guest.control.control - waiting to receive SimTime...
18:04:00.616 [org.webgme.guest.control.control.main()] INFO  org.webgme.guest.control.control - waiting to receive SimTime...
18:04:00.617 [org.webgme.guest.control.control.main()] INFO  org.webgme.guest.control.control - From socket, sockTime = 61.0
18:04:01.618 [org.webgme.guest.control.control.main()] INFO  org.webgme.guest.control.control - waiting to receive SimTime...
18:04:01.619 [org.webgme.guest.control.control.main()] INFO  org.webgme.guest.control.control - From processor, sockTimeP = 61.0   procTime = 61.0
18:04:01.620 [org.webgme.guest.control.control.main()] INFO  org.webgme.guest.control.control - => Sent elapsedTimeSock = 0.0,    elapsedTimeProc = 0.0,    ctrlTime = 61.0
18:04:01.646 [org.webgme.guest.control.control.main()] INFO  org.webgme.guest.control.control - waiting to receive SimTime...
18:04:02.652 [org.webgme.guest.control.control.main()] INFO  org.webgme.guest.control.control - waiting to receive SimTime...
18:04:02.653 [org.webgme.guest.control.control.main()] INFO  org.webgme.guest.control.control - From socket, sockTime = 62.0
18:04:03.654 [org.webgme.guest.control.control.main()] INFO  org.webgme.guest.control.control - waiting to receive SimTime...
18:04:03.655 [org.webgme.guest.control.control.main()] INFO  org.webgme.guest.control.control - From processor, sockTimeP = 62.0   procTime = 62.0
18:04:03.657 [org.webgme.guest.control.control.main()] INFO  org.webgme.guest.control.control - => Sent elapsedTimeSock = 0.0,    elapsedTimeProc = 0.0,    ctrlTime = 62.0
18:04:03.682 [org.webgme.guest.control.control.main()] INFO  org.webgme.guest.control.control - waiting to receive SimTime...
18:04:04.694 [org.webgme.guest.control.control.main()] INFO  org.webgme.guest.control.control - waiting to receive SimTime...
18:04:04.696 [org.webgme.guest.control.control.main()] INFO  org.webgme.guest.control.control - From socket, sockTime = 63.0
18:04:05.696 [org.webgme.guest.control.control.main()] INFO  org.webgme.guest.control.control - waiting to receive SimTime...
18:04:05.697 [org.webgme.guest.control.control.main()] INFO  org.webgme.guest.control.control - From processor, sockTimeP = 63.0   procTime = 63.0
18:04:05.698 [org.webgme.guest.control.control.main()] INFO  org.webgme.guest.control.control - => Sent elapsedTimeSock = 0.0,    elapsedTimeProc = 0.0,    ctrlTime = 63.0
18:04:05.720 [org.webgme.guest.control.control.main()] INFO  org.webgme.guest.control.control - waiting to receive SimTime...
18:04:06.726 [org.webgme.guest.control.control.main()] INFO  org.webgme.guest.control.control - waiting to receive SimTime...
18:04:06.728 [org.webgme.guest.control.control.main()] INFO  org.webgme.guest.control.control - From socket, sockTime = 64.0
18:04:07.729 [org.webgme.guest.control.control.main()] INFO  org.webgme.guest.control.control - waiting to receive SimTime...
18:04:07.729 [org.webgme.guest.control.control.main()] INFO  org.webgme.guest.control.control - From processor, sockTimeP = 64.0   procTime = 64.0
18:04:07.730 [org.webgme.guest.control.control.main()] INFO  org.webgme.guest.control.control - => Sent elapsedTimeSock = 0.0,    elapsedTimeProc = 0.0,    ctrlTime = 64.0
18:04:07.752 [org.webgme.guest.control.control.main()] INFO  org.webgme.guest.control.control - waiting to receive SimTime...
18:04:08.758 [org.webgme.guest.control.control.main()] INFO  org.webgme.guest.control.control - waiting to receive SimTime...
18:04:08.760 [org.webgme.guest.control.control.main()] INFO  org.webgme.guest.control.control - From socket, sockTime = 65.0
18:04:09.762 [org.webgme.guest.control.control.main()] INFO  org.webgme.guest.control.control - waiting to receive SimTime...
18:04:09.762 [org.webgme.guest.control.control.main()] INFO  org.webgme.guest.control.control - From processor, sockTimeP = 65.0   procTime = 65.0
18:04:09.763 [org.webgme.guest.control.control.main()] INFO  org.webgme.guest.control.control - => Sent elapsedTimeSock = 0.0,    elapsedTimeProc = 0.0,    ctrlTime = 65.0
18:04:09.785 [org.webgme.guest.control.control.main()] INFO  org.webgme.guest.control.control - waiting to receive SimTime...
18:04:10.792 [org.webgme.guest.control.control.main()] INFO  org.webgme.guest.control.control - waiting to receive SimTime...
18:04:10.794 [org.webgme.guest.control.control.main()] INFO  org.webgme.guest.control.control - From socket, sockTime = 66.0
18:04:11.795 [org.webgme.guest.control.control.main()] INFO  org.webgme.guest.control.control - waiting to receive SimTime...
18:04:11.797 [org.webgme.guest.control.control.main()] INFO  org.webgme.guest.control.control - From processor, sockTimeP = 66.0   procTime = 66.0
18:04:11.798 [org.webgme.guest.control.control.main()] INFO  org.webgme.guest.control.control - => Sent elapsedTimeSock = 0.0,    elapsedTimeProc = 0.0,    ctrlTime = 66.0
18:04:11.823 [org.webgme.guest.control.control.main()] INFO  org.webgme.guest.control.control - waiting to receive SimTime...
18:04:12.831 [org.webgme.guest.control.control.main()] INFO  org.webgme.guest.control.control - waiting to receive SimTime...
18:04:12.834 [org.webgme.guest.control.control.main()] INFO  org.webgme.guest.control.control - From socket, sockTime = 67.0
18:04:13.837 [org.webgme.guest.control.control.main()] INFO  org.webgme.guest.control.control - waiting to receive SimTime...
18:04:13.838 [org.webgme.guest.control.control.main()] INFO  org.webgme.guest.control.control - From processor, sockTimeP = 67.0   procTime = 67.0
18:04:13.839 [org.webgme.guest.control.control.main()] INFO  org.webgme.guest.control.control - => Sent elapsedTimeSock = 0.0,    elapsedTimeProc = 0.0,    ctrlTime = 67.0
18:04:13.863 [org.webgme.guest.control.control.main()] INFO  org.webgme.guest.control.control - waiting to receive SimTime...
18:04:14.873 [org.webgme.guest.control.control.main()] INFO  org.webgme.guest.control.control - waiting to receive SimTime...
18:04:14.874 [org.webgme.guest.control.control.main()] INFO  org.webgme.guest.control.control - From socket, sockTime = 68.0
18:04:15.875 [org.webgme.guest.control.control.main()] INFO  org.webgme.guest.control.control - waiting to receive SimTime...
18:04:15.876 [org.webgme.guest.control.control.main()] INFO  org.webgme.guest.control.control - From processor, sockTimeP = 68.0   procTime = 68.0
18:04:15.877 [org.webgme.guest.control.control.main()] INFO  org.webgme.guest.control.control - => Sent elapsedTimeSock = 0.0,    elapsedTimeProc = 0.0,    ctrlTime = 68.0
18:04:15.901 [org.webgme.guest.control.control.main()] INFO  org.webgme.guest.control.control - waiting to receive SimTime...
18:04:16.907 [org.webgme.guest.control.control.main()] INFO  org.webgme.guest.control.control - waiting to receive SimTime...
18:04:16.908 [org.webgme.guest.control.control.main()] INFO  org.webgme.guest.control.control - From socket, sockTime = 69.0
18:04:17.910 [org.webgme.guest.control.control.main()] INFO  org.webgme.guest.control.control - waiting to receive SimTime...
18:04:17.911 [org.webgme.guest.control.control.main()] INFO  org.webgme.guest.control.control - From processor, sockTimeP = 69.0   procTime = 69.0
18:04:17.912 [org.webgme.guest.control.control.main()] INFO  org.webgme.guest.control.control - => Sent elapsedTimeSock = 0.0,    elapsedTimeProc = 0.0,    ctrlTime = 69.0
18:04:17.935 [org.webgme.guest.control.control.main()] INFO  org.webgme.guest.control.control - waiting to receive SimTime...
18:04:18.942 [org.webgme.guest.control.control.main()] INFO  org.webgme.guest.control.control - waiting to receive SimTime...
18:04:18.944 [org.webgme.guest.control.control.main()] INFO  org.webgme.guest.control.control - From socket, sockTime = 70.0
18:04:19.945 [org.webgme.guest.control.control.main()] INFO  org.webgme.guest.control.control - waiting to receive SimTime...
18:04:19.946 [org.webgme.guest.control.control.main()] INFO  org.webgme.guest.control.control - From processor, sockTimeP = 70.0   procTime = 70.0
18:04:19.947 [org.webgme.guest.control.control.main()] INFO  org.webgme.guest.control.control - => Sent elapsedTimeSock = 0.0,    elapsedTimeProc = 0.0,    ctrlTime = 70.0
18:04:19.969 [org.webgme.guest.control.control.main()] INFO  org.webgme.guest.control.control - waiting to receive SimTime...
18:04:20.979 [org.webgme.guest.control.control.main()] INFO  org.webgme.guest.control.control - waiting to receive SimTime...
18:04:20.980 [org.webgme.guest.control.control.main()] INFO  org.webgme.guest.control.control - From socket, sockTime = 71.0
18:04:21.980 [org.webgme.guest.control.control.main()] INFO  org.webgme.guest.control.control - waiting to receive SimTime...
18:04:21.981 [org.webgme.guest.control.control.main()] INFO  org.webgme.guest.control.control - From processor, sockTimeP = 71.0   procTime = 71.0
18:04:21.982 [org.webgme.guest.control.control.main()] INFO  org.webgme.guest.control.control - => Sent elapsedTimeSock = 0.0,    elapsedTimeProc = 0.0,    ctrlTime = 71.0
18:04:22.008 [org.webgme.guest.control.control.main()] INFO  org.webgme.guest.control.control - waiting to receive SimTime...
18:04:23.017 [org.webgme.guest.control.control.main()] INFO  org.webgme.guest.control.control - waiting to receive SimTime...
18:04:23.020 [org.webgme.guest.control.control.main()] INFO  org.webgme.guest.control.control - From socket, sockTime = 72.0
18:04:24.022 [org.webgme.guest.control.control.main()] INFO  org.webgme.guest.control.control - waiting to receive SimTime...
18:04:24.023 [org.webgme.guest.control.control.main()] INFO  org.webgme.guest.control.control - From processor, sockTimeP = 72.0   procTime = 72.0
18:04:24.024 [org.webgme.guest.control.control.main()] INFO  org.webgme.guest.control.control - => Sent elapsedTimeSock = 0.0,    elapsedTimeProc = 0.0,    ctrlTime = 72.0
18:04:24.047 [org.webgme.guest.control.control.main()] INFO  org.webgme.guest.control.control - waiting to receive SimTime...
18:04:25.053 [org.webgme.guest.control.control.main()] INFO  org.webgme.guest.control.control - waiting to receive SimTime...
18:04:25.054 [org.webgme.guest.control.control.main()] INFO  org.webgme.guest.control.control - From socket, sockTime = 73.0
18:04:26.055 [org.webgme.guest.control.control.main()] INFO  org.webgme.guest.control.control - waiting to receive SimTime...
18:04:26.057 [org.webgme.guest.control.control.main()] INFO  org.webgme.guest.control.control - From processor, sockTimeP = 73.0   procTime = 73.0
18:04:26.062 [org.webgme.guest.control.control.main()] INFO  org.webgme.guest.control.control - => Sent elapsedTimeSock = 0.0,    elapsedTimeProc = 0.0,    ctrlTime = 73.0
18:04:26.086 [org.webgme.guest.control.control.main()] INFO  org.webgme.guest.control.control - waiting to receive SimTime...
18:04:27.092 [org.webgme.guest.control.control.main()] INFO  org.webgme.guest.control.control - waiting to receive SimTime...
18:04:27.093 [org.webgme.guest.control.control.main()] INFO  org.webgme.guest.control.control - From socket, sockTime = 74.0
18:04:28.093 [org.webgme.guest.control.control.main()] INFO  org.webgme.guest.control.control - waiting to receive SimTime...
18:04:28.093 [org.webgme.guest.control.control.main()] INFO  org.webgme.guest.control.control - From processor, sockTimeP = 74.0   procTime = 74.0
18:04:28.094 [org.webgme.guest.control.control.main()] INFO  org.webgme.guest.control.control - => Sent elapsedTimeSock = 0.0,    elapsedTimeProc = 0.0,    ctrlTime = 74.0
18:04:28.115 [org.webgme.guest.control.control.main()] INFO  org.webgme.guest.control.control - waiting to receive SimTime...
18:04:29.121 [org.webgme.guest.control.control.main()] INFO  org.webgme.guest.control.control - waiting to receive SimTime...
18:04:29.123 [org.webgme.guest.control.control.main()] INFO  org.webgme.guest.control.control - From socket, sockTime = 75.0
18:04:30.125 [org.webgme.guest.control.control.main()] INFO  org.webgme.guest.control.control - waiting to receive SimTime...
18:04:30.125 [org.webgme.guest.control.control.main()] INFO  org.webgme.guest.control.control - From processor, sockTimeP = 75.0   procTime = 75.0
18:04:30.127 [org.webgme.guest.control.control.main()] INFO  org.webgme.guest.control.control - => Sent elapsedTimeSock = 0.0,    elapsedTimeProc = 0.0,    ctrlTime = 75.0
18:04:30.153 [org.webgme.guest.control.control.main()] INFO  org.webgme.guest.control.control - waiting to receive SimTime...
18:04:31.160 [org.webgme.guest.control.control.main()] INFO  org.webgme.guest.control.control - waiting to receive SimTime...
18:04:31.163 [org.webgme.guest.control.control.main()] INFO  org.webgme.guest.control.control - From socket, sockTime = 76.0
18:04:32.165 [org.webgme.guest.control.control.main()] INFO  org.webgme.guest.control.control - waiting to receive SimTime...
18:04:32.167 [org.webgme.guest.control.control.main()] INFO  org.webgme.guest.control.control - From processor, sockTimeP = 76.0   procTime = 76.0
18:04:32.169 [org.webgme.guest.control.control.main()] INFO  org.webgme.guest.control.control - => Sent elapsedTimeSock = 0.0,    elapsedTimeProc = 0.0,    ctrlTime = 76.0
18:04:32.193 [org.webgme.guest.control.control.main()] INFO  org.webgme.guest.control.control - waiting to receive SimTime...
18:04:33.201 [org.webgme.guest.control.control.main()] INFO  org.webgme.guest.control.control - waiting to receive SimTime...
18:04:33.203 [org.webgme.guest.control.control.main()] INFO  org.webgme.guest.control.control - From socket, sockTime = 77.0
18:04:34.204 [org.webgme.guest.control.control.main()] INFO  org.webgme.guest.control.control - waiting to receive SimTime...
18:04:34.206 [org.webgme.guest.control.control.main()] INFO  org.webgme.guest.control.control - From processor, sockTimeP = 77.0   procTime = 77.0
18:04:34.208 [org.webgme.guest.control.control.main()] INFO  org.webgme.guest.control.control - => Sent elapsedTimeSock = 0.0,    elapsedTimeProc = 0.0,    ctrlTime = 77.0
18:04:34.232 [org.webgme.guest.control.control.main()] INFO  org.webgme.guest.control.control - waiting to receive SimTime...
18:04:35.238 [org.webgme.guest.control.control.main()] INFO  org.webgme.guest.control.control - waiting to receive SimTime...
18:04:35.239 [org.webgme.guest.control.control.main()] INFO  org.webgme.guest.control.control - From socket, sockTime = 78.0
18:04:36.241 [org.webgme.guest.control.control.main()] INFO  org.webgme.guest.control.control - waiting to receive SimTime...
18:04:36.244 [org.webgme.guest.control.control.main()] INFO  org.webgme.guest.control.control - From processor, sockTimeP = 78.0   procTime = 78.0
18:04:36.245 [org.webgme.guest.control.control.main()] INFO  org.webgme.guest.control.control - => Sent elapsedTimeSock = 0.0,    elapsedTimeProc = 0.0,    ctrlTime = 78.0
18:04:36.272 [org.webgme.guest.control.control.main()] INFO  org.webgme.guest.control.control - waiting to receive SimTime...
18:04:37.278 [org.webgme.guest.control.control.main()] INFO  org.webgme.guest.control.control - waiting to receive SimTime...
18:04:37.279 [org.webgme.guest.control.control.main()] INFO  org.webgme.guest.control.control - From socket, sockTime = 79.0
18:04:38.280 [org.webgme.guest.control.control.main()] INFO  org.webgme.guest.control.control - waiting to receive SimTime...
18:04:38.281 [org.webgme.guest.control.control.main()] INFO  org.webgme.guest.control.control - From processor, sockTimeP = 79.0   procTime = 79.0
18:04:38.282 [org.webgme.guest.control.control.main()] INFO  org.webgme.guest.control.control - => Sent elapsedTimeSock = 0.0,    elapsedTimeProc = 0.0,    ctrlTime = 79.0
18:04:38.307 [org.webgme.guest.control.control.main()] INFO  org.webgme.guest.control.control - waiting to receive SimTime...
18:04:39.313 [org.webgme.guest.control.control.main()] INFO  org.webgme.guest.control.control - waiting to receive SimTime...
18:04:39.315 [org.webgme.guest.control.control.main()] INFO  org.webgme.guest.control.control - From socket, sockTime = 80.0
18:04:40.315 [org.webgme.guest.control.control.main()] INFO  org.webgme.guest.control.control - waiting to receive SimTime...
18:04:40.316 [org.webgme.guest.control.control.main()] INFO  org.webgme.guest.control.control - From processor, sockTimeP = 80.0   procTime = 80.0
18:04:40.320 [org.webgme.guest.control.control.main()] INFO  org.webgme.guest.control.control - => Sent elapsedTimeSock = 0.0,    elapsedTimeProc = 0.0,    ctrlTime = 80.0
18:04:40.345 [org.webgme.guest.control.control.main()] INFO  org.webgme.guest.control.control - waiting to receive SimTime...
18:04:41.351 [org.webgme.guest.control.control.main()] INFO  org.webgme.guest.control.control - waiting to receive SimTime...
18:04:41.352 [org.webgme.guest.control.control.main()] INFO  org.webgme.guest.control.control - From socket, sockTime = 81.0
18:04:42.353 [org.webgme.guest.control.control.main()] INFO  org.webgme.guest.control.control - waiting to receive SimTime...
18:04:42.354 [org.webgme.guest.control.control.main()] INFO  org.webgme.guest.control.control - From processor, sockTimeP = 81.0   procTime = 81.0
18:04:42.356 [org.webgme.guest.control.control.main()] INFO  org.webgme.guest.control.control - => Sent elapsedTimeSock = 0.0,    elapsedTimeProc = 0.0,    ctrlTime = 81.0
18:04:42.382 [org.webgme.guest.control.control.main()] INFO  org.webgme.guest.control.control - waiting to receive SimTime...
18:04:43.391 [org.webgme.guest.control.control.main()] INFO  org.webgme.guest.control.control - waiting to receive SimTime...
18:04:43.392 [org.webgme.guest.control.control.main()] INFO  org.webgme.guest.control.control - From socket, sockTime = 82.0
18:04:44.393 [org.webgme.guest.control.control.main()] INFO  org.webgme.guest.control.control - waiting to receive SimTime...
18:04:44.394 [org.webgme.guest.control.control.main()] INFO  org.webgme.guest.control.control - From processor, sockTimeP = 82.0   procTime = 82.0
18:04:44.396 [org.webgme.guest.control.control.main()] INFO  org.webgme.guest.control.control - => Sent elapsedTimeSock = 0.0,    elapsedTimeProc = 0.0,    ctrlTime = 82.0
18:04:44.422 [org.webgme.guest.control.control.main()] INFO  org.webgme.guest.control.control - waiting to receive SimTime...
18:04:45.431 [org.webgme.guest.control.control.main()] INFO  org.webgme.guest.control.control - waiting to receive SimTime...
18:04:45.432 [org.webgme.guest.control.control.main()] INFO  org.webgme.guest.control.control - From socket, sockTime = 83.0
18:04:46.433 [org.webgme.guest.control.control.main()] INFO  org.webgme.guest.control.control - waiting to receive SimTime...
18:04:46.437 [org.webgme.guest.control.control.main()] INFO  org.webgme.guest.control.control - From processor, sockTimeP = 83.0   procTime = 83.0
18:04:46.438 [org.webgme.guest.control.control.main()] INFO  org.webgme.guest.control.control - => Sent elapsedTimeSock = 0.0,    elapsedTimeProc = 0.0,    ctrlTime = 83.0
18:04:46.464 [org.webgme.guest.control.control.main()] INFO  org.webgme.guest.control.control - waiting to receive SimTime...
18:04:47.476 [org.webgme.guest.control.control.main()] INFO  org.webgme.guest.control.control - waiting to receive SimTime...
18:04:47.478 [org.webgme.guest.control.control.main()] INFO  org.webgme.guest.control.control - From socket, sockTime = 84.0
18:04:48.481 [org.webgme.guest.control.control.main()] INFO  org.webgme.guest.control.control - waiting to receive SimTime...
18:04:48.482 [org.webgme.guest.control.control.main()] INFO  org.webgme.guest.control.control - From processor, sockTimeP = 84.0   procTime = 84.0
18:04:48.483 [org.webgme.guest.control.control.main()] INFO  org.webgme.guest.control.control - => Sent elapsedTimeSock = 0.0,    elapsedTimeProc = 0.0,    ctrlTime = 84.0
18:04:48.524 [org.webgme.guest.control.control.main()] INFO  org.webgme.guest.control.control - waiting to receive SimTime...
18:04:49.530 [org.webgme.guest.control.control.main()] INFO  org.webgme.guest.control.control - waiting to receive SimTime...
18:04:49.531 [org.webgme.guest.control.control.main()] INFO  org.webgme.guest.control.control - From socket, sockTime = 85.0
18:04:50.532 [org.webgme.guest.control.control.main()] INFO  org.webgme.guest.control.control - waiting to receive SimTime...
18:04:50.533 [org.webgme.guest.control.control.main()] INFO  org.webgme.guest.control.control - From processor, sockTimeP = 85.0   procTime = 85.0
18:04:50.535 [org.webgme.guest.control.control.main()] INFO  org.webgme.guest.control.control - => Sent elapsedTimeSock = 0.0,    elapsedTimeProc = 0.0,    ctrlTime = 85.0
18:04:50.558 [org.webgme.guest.control.control.main()] INFO  org.webgme.guest.control.control - waiting to receive SimTime...
18:04:51.567 [org.webgme.guest.control.control.main()] INFO  org.webgme.guest.control.control - waiting to receive SimTime...
18:04:51.572 [org.webgme.guest.control.control.main()] INFO  org.webgme.guest.control.control - From socket, sockTime = 86.0
18:04:52.575 [org.webgme.guest.control.control.main()] INFO  org.webgme.guest.control.control - waiting to receive SimTime...
18:04:52.576 [org.webgme.guest.control.control.main()] INFO  org.webgme.guest.control.control - From processor, sockTimeP = 86.0   procTime = 86.0
18:04:52.576 [org.webgme.guest.control.control.main()] INFO  org.webgme.guest.control.control - => Sent elapsedTimeSock = 0.0,    elapsedTimeProc = 0.0,    ctrlTime = 86.0
18:04:52.600 [org.webgme.guest.control.control.main()] INFO  org.webgme.guest.control.control - waiting to receive SimTime...
18:04:53.608 [org.webgme.guest.control.control.main()] INFO  org.webgme.guest.control.control - waiting to receive SimTime...
18:04:53.609 [org.webgme.guest.control.control.main()] INFO  org.webgme.guest.control.control - From socket, sockTime = 87.0
18:04:54.611 [org.webgme.guest.control.control.main()] INFO  org.webgme.guest.control.control - waiting to receive SimTime...
18:04:54.613 [org.webgme.guest.control.control.main()] INFO  org.webgme.guest.control.control - From processor, sockTimeP = 87.0   procTime = 87.0
18:04:54.614 [org.webgme.guest.control.control.main()] INFO  org.webgme.guest.control.control - => Sent elapsedTimeSock = 0.0,    elapsedTimeProc = 0.0,    ctrlTime = 87.0
18:04:54.637 [org.webgme.guest.control.control.main()] INFO  org.webgme.guest.control.control - waiting to receive SimTime...
18:04:55.646 [org.webgme.guest.control.control.main()] INFO  org.webgme.guest.control.control - waiting to receive SimTime...
18:04:55.646 [org.webgme.guest.control.control.main()] INFO  org.webgme.guest.control.control - From socket, sockTime = 88.0
18:04:56.647 [org.webgme.guest.control.control.main()] INFO  org.webgme.guest.control.control - waiting to receive SimTime...
18:04:56.648 [org.webgme.guest.control.control.main()] INFO  org.webgme.guest.control.control - From processor, sockTimeP = 88.0   procTime = 88.0
18:04:56.649 [org.webgme.guest.control.control.main()] INFO  org.webgme.guest.control.control - => Sent elapsedTimeSock = 0.0,    elapsedTimeProc = 0.0,    ctrlTime = 88.0
18:04:56.672 [org.webgme.guest.control.control.main()] INFO  org.webgme.guest.control.control - waiting to receive SimTime...
18:04:57.679 [org.webgme.guest.control.control.main()] INFO  org.webgme.guest.control.control - waiting to receive SimTime...
18:04:57.680 [org.webgme.guest.control.control.main()] INFO  org.webgme.guest.control.control - From socket, sockTime = 89.0
18:04:58.682 [org.webgme.guest.control.control.main()] INFO  org.webgme.guest.control.control - waiting to receive SimTime...
18:04:58.683 [org.webgme.guest.control.control.main()] INFO  org.webgme.guest.control.control - From processor, sockTimeP = 89.0   procTime = 89.0
18:04:58.683 [org.webgme.guest.control.control.main()] INFO  org.webgme.guest.control.control - => Sent elapsedTimeSock = 0.0,    elapsedTimeProc = 0.0,    ctrlTime = 89.0
18:04:58.706 [org.webgme.guest.control.control.main()] INFO  org.webgme.guest.control.control - waiting to receive SimTime...
18:04:59.712 [org.webgme.guest.control.control.main()] INFO  org.webgme.guest.control.control - waiting to receive SimTime...
18:04:59.713 [org.webgme.guest.control.control.main()] INFO  org.webgme.guest.control.control - From socket, sockTime = 90.0
18:05:00.714 [org.webgme.guest.control.control.main()] INFO  org.webgme.guest.control.control - waiting to receive SimTime...
18:05:00.714 [org.webgme.guest.control.control.main()] INFO  org.webgme.guest.control.control - From processor, sockTimeP = 90.0   procTime = 90.0
18:05:00.715 [org.webgme.guest.control.control.main()] INFO  org.webgme.guest.control.control - => Sent elapsedTimeSock = 0.0,    elapsedTimeProc = 0.0,    ctrlTime = 90.0
18:05:00.738 [org.webgme.guest.control.control.main()] INFO  org.webgme.guest.control.control - waiting to receive SimTime...
18:05:01.746 [org.webgme.guest.control.control.main()] INFO  org.webgme.guest.control.control - waiting to receive SimTime...
18:05:01.747 [org.webgme.guest.control.control.main()] INFO  org.webgme.guest.control.control - From socket, sockTime = 91.0
18:05:02.747 [org.webgme.guest.control.control.main()] INFO  org.webgme.guest.control.control - waiting to receive SimTime...
18:05:02.748 [org.webgme.guest.control.control.main()] INFO  org.webgme.guest.control.control - From processor, sockTimeP = 91.0   procTime = 91.0
18:05:02.749 [org.webgme.guest.control.control.main()] INFO  org.webgme.guest.control.control - => Sent elapsedTimeSock = 0.0,    elapsedTimeProc = 0.0,    ctrlTime = 91.0
18:05:02.773 [org.webgme.guest.control.control.main()] INFO  org.webgme.guest.control.control - waiting to receive SimTime...
18:05:03.779 [org.webgme.guest.control.control.main()] INFO  org.webgme.guest.control.control - waiting to receive SimTime...
18:05:03.783 [org.webgme.guest.control.control.main()] INFO  org.webgme.guest.control.control - From socket, sockTime = 92.0
18:05:04.783 [org.webgme.guest.control.control.main()] INFO  org.webgme.guest.control.control - waiting to receive SimTime...
18:05:04.784 [org.webgme.guest.control.control.main()] INFO  org.webgme.guest.control.control - From processor, sockTimeP = 92.0   procTime = 92.0
18:05:04.785 [org.webgme.guest.control.control.main()] INFO  org.webgme.guest.control.control - => Sent elapsedTimeSock = 0.0,    elapsedTimeProc = 0.0,    ctrlTime = 92.0
18:05:04.809 [org.webgme.guest.control.control.main()] INFO  org.webgme.guest.control.control - waiting to receive SimTime...
18:05:05.819 [org.webgme.guest.control.control.main()] INFO  org.webgme.guest.control.control - waiting to receive SimTime...
18:05:05.820 [org.webgme.guest.control.control.main()] INFO  org.webgme.guest.control.control - From socket, sockTime = 93.0
18:05:06.820 [org.webgme.guest.control.control.main()] INFO  org.webgme.guest.control.control - waiting to receive SimTime...
18:05:06.822 [org.webgme.guest.control.control.main()] INFO  org.webgme.guest.control.control - From processor, sockTimeP = 93.0   procTime = 93.0
18:05:06.823 [org.webgme.guest.control.control.main()] INFO  org.webgme.guest.control.control - => Sent elapsedTimeSock = 0.0,    elapsedTimeProc = 0.0,    ctrlTime = 93.0
18:05:06.846 [org.webgme.guest.control.control.main()] INFO  org.webgme.guest.control.control - waiting to receive SimTime...
18:05:07.852 [org.webgme.guest.control.control.main()] INFO  org.webgme.guest.control.control - waiting to receive SimTime...
18:05:07.853 [org.webgme.guest.control.control.main()] INFO  org.webgme.guest.control.control - From socket, sockTime = 94.0
18:05:08.854 [org.webgme.guest.control.control.main()] INFO  org.webgme.guest.control.control - waiting to receive SimTime...
18:05:08.854 [org.webgme.guest.control.control.main()] INFO  org.webgme.guest.control.control - From processor, sockTimeP = 94.0   procTime = 94.0
18:05:08.856 [org.webgme.guest.control.control.main()] INFO  org.webgme.guest.control.control - => Sent elapsedTimeSock = 0.0,    elapsedTimeProc = 0.0,    ctrlTime = 94.0
18:05:08.876 [org.webgme.guest.control.control.main()] INFO  org.webgme.guest.control.control - waiting to receive SimTime...
18:05:09.889 [org.webgme.guest.control.control.main()] INFO  org.webgme.guest.control.control - waiting to receive SimTime...
18:05:09.890 [org.webgme.guest.control.control.main()] INFO  org.webgme.guest.control.control - From socket, sockTime = 95.0
18:05:10.891 [org.webgme.guest.control.control.main()] INFO  org.webgme.guest.control.control - waiting to receive SimTime...
18:05:10.892 [org.webgme.guest.control.control.main()] INFO  org.webgme.guest.control.control - From processor, sockTimeP = 95.0   procTime = 95.0
18:05:10.893 [org.webgme.guest.control.control.main()] INFO  org.webgme.guest.control.control - => Sent elapsedTimeSock = 0.0,    elapsedTimeProc = 0.0,    ctrlTime = 95.0
18:05:10.921 [org.webgme.guest.control.control.main()] INFO  org.webgme.guest.control.control - waiting to receive SimTime...
18:05:11.927 [org.webgme.guest.control.control.main()] INFO  org.webgme.guest.control.control - waiting to receive SimTime...
18:05:11.928 [org.webgme.guest.control.control.main()] INFO  org.webgme.guest.control.control - From socket, sockTime = 96.0
18:05:12.931 [org.webgme.guest.control.control.main()] INFO  org.webgme.guest.control.control - waiting to receive SimTime...
18:05:12.931 [org.webgme.guest.control.control.main()] INFO  org.webgme.guest.control.control - From processor, sockTimeP = 96.0   procTime = 96.0
18:05:12.932 [org.webgme.guest.control.control.main()] INFO  org.webgme.guest.control.control - => Sent elapsedTimeSock = 0.0,    elapsedTimeProc = 0.0,    ctrlTime = 96.0
18:05:12.955 [org.webgme.guest.control.control.main()] INFO  org.webgme.guest.control.control - waiting to receive SimTime...
18:05:13.962 [org.webgme.guest.control.control.main()] INFO  org.webgme.guest.control.control - waiting to receive SimTime...
18:05:13.963 [org.webgme.guest.control.control.main()] INFO  org.webgme.guest.control.control - From socket, sockTime = 97.0
18:05:14.964 [org.webgme.guest.control.control.main()] INFO  org.webgme.guest.control.control - waiting to receive SimTime...
18:05:14.964 [org.webgme.guest.control.control.main()] INFO  org.webgme.guest.control.control - From processor, sockTimeP = 97.0   procTime = 97.0
18:05:14.965 [org.webgme.guest.control.control.main()] INFO  org.webgme.guest.control.control - => Sent elapsedTimeSock = 0.0,    elapsedTimeProc = 0.0,    ctrlTime = 97.0
18:05:14.989 [org.webgme.guest.control.control.main()] INFO  org.webgme.guest.control.control - waiting to receive SimTime...
18:05:15.997 [org.webgme.guest.control.control.main()] INFO  org.webgme.guest.control.control - waiting to receive SimTime...
18:05:16.002 [org.webgme.guest.control.control.main()] INFO  org.webgme.guest.control.control - From socket, sockTime = 98.0
18:05:17.003 [org.webgme.guest.control.control.main()] INFO  org.webgme.guest.control.control - waiting to receive SimTime...
18:05:17.004 [org.webgme.guest.control.control.main()] INFO  org.webgme.guest.control.control - From processor, sockTimeP = 98.0   procTime = 98.0
18:05:17.005 [org.webgme.guest.control.control.main()] INFO  org.webgme.guest.control.control - => Sent elapsedTimeSock = 0.0,    elapsedTimeProc = 0.0,    ctrlTime = 98.0
18:05:17.027 [org.webgme.guest.control.control.main()] INFO  org.webgme.guest.control.control - waiting to receive SimTime...
18:05:18.034 [org.webgme.guest.control.control.main()] INFO  org.webgme.guest.control.control - waiting to receive SimTime...
18:05:18.035 [org.webgme.guest.control.control.main()] INFO  org.webgme.guest.control.control - From socket, sockTime = 99.0
18:05:19.036 [org.webgme.guest.control.control.main()] INFO  org.webgme.guest.control.control - waiting to receive SimTime...
18:05:19.037 [org.webgme.guest.control.control.main()] INFO  org.webgme.guest.control.control - From processor, sockTimeP = 99.0   procTime = 99.0
18:05:19.038 [org.webgme.guest.control.control.main()] INFO  org.webgme.guest.control.control - => Sent elapsedTimeSock = 0.0,    elapsedTimeProc = 0.0,    ctrlTime = 99.0
18:05:19.062 [org.webgme.guest.control.control.main()] INFO  org.webgme.guest.control.control - waiting to receive SimTime...
18:05:20.069 [org.webgme.guest.control.control.main()] INFO  org.webgme.guest.control.control - waiting to receive SimTime...
18:05:20.071 [org.webgme.guest.control.control.main()] INFO  org.webgme.guest.control.control - From socket, sockTime = 100.0
18:05:21.072 [org.webgme.guest.control.control.main()] INFO  org.webgme.guest.control.control - waiting to receive SimTime...
18:05:21.073 [org.webgme.guest.control.control.main()] INFO  org.webgme.guest.control.control - From processor, sockTimeP = 100.0   procTime = 100.0
18:05:21.075 [org.webgme.guest.control.control.main()] INFO  org.webgme.guest.control.control - => Sent elapsedTimeSock = 0.0,    elapsedTimeProc = 0.0,    ctrlTime = 100.0
18:05:21.101 [org.webgme.guest.control.control.main()] INFO  org.webgme.guest.control.control - waiting to receive SimTime...
18:05:22.112 [org.webgme.guest.control.control.main()] INFO  org.webgme.guest.control.control - waiting to receive SimTime...
18:05:22.113 [org.webgme.guest.control.control.main()] INFO  org.webgme.guest.control.control - From socket, sockTime = 101.0
18:05:23.114 [org.webgme.guest.control.control.main()] INFO  org.webgme.guest.control.control - waiting to receive SimTime...
18:05:23.115 [org.webgme.guest.control.control.main()] INFO  org.webgme.guest.control.control - From processor, sockTimeP = 101.0   procTime = 101.0
18:05:23.116 [org.webgme.guest.control.control.main()] INFO  org.webgme.guest.control.control - => Sent elapsedTimeSock = 0.0,    elapsedTimeProc = 0.0,    ctrlTime = 101.0
18:05:23.147 [org.webgme.guest.control.control.main()] INFO  org.webgme.guest.control.control - waiting to receive SimTime...
18:05:24.156 [org.webgme.guest.control.control.main()] INFO  org.webgme.guest.control.control - waiting to receive SimTime...
18:05:24.157 [org.webgme.guest.control.control.main()] INFO  org.webgme.guest.control.control - From socket, sockTime = 102.0
18:05:25.158 [org.webgme.guest.control.control.main()] INFO  org.webgme.guest.control.control - waiting to receive SimTime...
18:05:25.159 [org.webgme.guest.control.control.main()] INFO  org.webgme.guest.control.control - From processor, sockTimeP = 102.0   procTime = 102.0
18:05:25.160 [org.webgme.guest.control.control.main()] INFO  org.webgme.guest.control.control - => Sent elapsedTimeSock = 0.0,    elapsedTimeProc = 0.0,    ctrlTime = 102.0
18:05:25.182 [org.webgme.guest.control.control.main()] INFO  org.webgme.guest.control.control - waiting to receive SimTime...
18:05:26.188 [org.webgme.guest.control.control.main()] INFO  org.webgme.guest.control.control - waiting to receive SimTime...
18:05:26.189 [org.webgme.guest.control.control.main()] INFO  org.webgme.guest.control.control - From socket, sockTime = 103.0
18:05:27.190 [org.webgme.guest.control.control.main()] INFO  org.webgme.guest.control.control - waiting to receive SimTime...
18:05:27.191 [org.webgme.guest.control.control.main()] INFO  org.webgme.guest.control.control - From processor, sockTimeP = 103.0   procTime = 103.0
18:05:27.192 [org.webgme.guest.control.control.main()] INFO  org.webgme.guest.control.control - => Sent elapsedTimeSock = 0.0,    elapsedTimeProc = 0.0,    ctrlTime = 103.0
18:05:27.215 [org.webgme.guest.control.control.main()] INFO  org.webgme.guest.control.control - waiting to receive SimTime...
18:05:28.222 [org.webgme.guest.control.control.main()] INFO  org.webgme.guest.control.control - waiting to receive SimTime...
18:05:28.223 [org.webgme.guest.control.control.main()] INFO  org.webgme.guest.control.control - From socket, sockTime = 104.0
18:05:29.223 [org.webgme.guest.control.control.main()] INFO  org.webgme.guest.control.control - waiting to receive SimTime...
18:05:29.227 [org.webgme.guest.control.control.main()] INFO  org.webgme.guest.control.control - From processor, sockTimeP = 104.0   procTime = 104.0
18:05:29.228 [org.webgme.guest.control.control.main()] INFO  org.webgme.guest.control.control - => Sent elapsedTimeSock = 0.0,    elapsedTimeProc = 0.0,    ctrlTime = 104.0
18:05:29.251 [org.webgme.guest.control.control.main()] INFO  org.webgme.guest.control.control - waiting to receive SimTime...
18:05:30.257 [org.webgme.guest.control.control.main()] INFO  org.webgme.guest.control.control - waiting to receive SimTime...
18:05:30.258 [org.webgme.guest.control.control.main()] INFO  org.webgme.guest.control.control - From socket, sockTime = 105.0
18:05:31.258 [org.webgme.guest.control.control.main()] INFO  org.webgme.guest.control.control - waiting to receive SimTime...
18:05:31.259 [org.webgme.guest.control.control.main()] INFO  org.webgme.guest.control.control - From processor, sockTimeP = 105.0   procTime = 105.0
18:05:31.260 [org.webgme.guest.control.control.main()] INFO  org.webgme.guest.control.control - => Sent elapsedTimeSock = 0.0,    elapsedTimeProc = 0.0,    ctrlTime = 105.0
18:05:31.284 [org.webgme.guest.control.control.main()] INFO  org.webgme.guest.control.control - waiting to receive SimTime...
18:05:32.291 [org.webgme.guest.control.control.main()] INFO  org.webgme.guest.control.control - waiting to receive SimTime...
18:05:32.292 [org.webgme.guest.control.control.main()] INFO  org.webgme.guest.control.control - From socket, sockTime = 106.0
18:05:33.293 [org.webgme.guest.control.control.main()] INFO  org.webgme.guest.control.control - waiting to receive SimTime...
18:05:33.294 [org.webgme.guest.control.control.main()] INFO  org.webgme.guest.control.control - From processor, sockTimeP = 106.0   procTime = 106.0
18:05:33.295 [org.webgme.guest.control.control.main()] INFO  org.webgme.guest.control.control - => Sent elapsedTimeSock = 0.0,    elapsedTimeProc = 0.0,    ctrlTime = 106.0
18:05:33.318 [org.webgme.guest.control.control.main()] INFO  org.webgme.guest.control.control - waiting to receive SimTime...
18:05:34.325 [org.webgme.guest.control.control.main()] INFO  org.webgme.guest.control.control - waiting to receive SimTime...
18:05:34.326 [org.webgme.guest.control.control.main()] INFO  org.webgme.guest.control.control - From socket, sockTime = 107.0
18:05:35.331 [org.webgme.guest.control.control.main()] INFO  org.webgme.guest.control.control - waiting to receive SimTime...
18:05:35.332 [org.webgme.guest.control.control.main()] INFO  org.webgme.guest.control.control - From processor, sockTimeP = 107.0   procTime = 107.0
18:05:35.335 [org.webgme.guest.control.control.main()] INFO  org.webgme.guest.control.control - => Sent elapsedTimeSock = 0.0,    elapsedTimeProc = 0.0,    ctrlTime = 107.0
18:05:35.359 [org.webgme.guest.control.control.main()] INFO  org.webgme.guest.control.control - waiting to receive SimTime...
18:05:36.366 [org.webgme.guest.control.control.main()] INFO  org.webgme.guest.control.control - waiting to receive SimTime...
18:05:36.367 [org.webgme.guest.control.control.main()] INFO  org.webgme.guest.control.control - From socket, sockTime = 108.0
18:05:37.369 [org.webgme.guest.control.control.main()] INFO  org.webgme.guest.control.control - waiting to receive SimTime...
18:05:37.370 [org.webgme.guest.control.control.main()] INFO  org.webgme.guest.control.control - From processor, sockTimeP = 108.0   procTime = 108.0
18:05:37.372 [org.webgme.guest.control.control.main()] INFO  org.webgme.guest.control.control - => Sent elapsedTimeSock = 0.0,    elapsedTimeProc = 0.0,    ctrlTime = 108.0
18:05:37.389 [org.webgme.guest.control.control.main()] INFO  org.webgme.guest.control.control - waiting to receive SimTime...
18:05:38.398 [org.webgme.guest.control.control.main()] INFO  org.webgme.guest.control.control - waiting to receive SimTime...
18:05:38.399 [org.webgme.guest.control.control.main()] INFO  org.webgme.guest.control.control - From socket, sockTime = 109.0
18:05:39.400 [org.webgme.guest.control.control.main()] INFO  org.webgme.guest.control.control - waiting to receive SimTime...
18:05:39.401 [org.webgme.guest.control.control.main()] INFO  org.webgme.guest.control.control - From processor, sockTimeP = 109.0   procTime = 109.0
18:05:39.402 [org.webgme.guest.control.control.main()] INFO  org.webgme.guest.control.control - => Sent elapsedTimeSock = 0.0,    elapsedTimeProc = 0.0,    ctrlTime = 109.0
18:05:39.425 [org.webgme.guest.control.control.main()] INFO  org.webgme.guest.control.control - waiting to receive SimTime...
18:05:40.430 [org.webgme.guest.control.control.main()] INFO  org.webgme.guest.control.control - waiting to receive SimTime...
18:05:40.436 [org.webgme.guest.control.control.main()] INFO  org.webgme.guest.control.control - From socket, sockTime = 110.0
18:05:41.458 [org.webgme.guest.control.control.main()] INFO  org.webgme.guest.control.control - waiting to receive SimTime...
18:05:41.467 [org.webgme.guest.control.control.main()] INFO  org.webgme.guest.control.control - From processor, sockTimeP = 110.0   procTime = 110.0
18:05:41.468 [org.webgme.guest.control.control.main()] INFO  org.webgme.guest.control.control - => Sent elapsedTimeSock = 0.0,    elapsedTimeProc = 0.0,    ctrlTime = 110.0
WARN  [VERIFY_SUSPECT.TimerThread,timesync_bw_2021_06,vagrant-65086] portico.lrc.jgroups: Detected that federate [FederationManager-1673eafd-941f-45d4-8fe5-bdcec678e536] may have crashed, investigating...
WARN  [Regular] portico.lrc.jgroups: Federate [FederationManager-1673eafd-941f-45d4-8fe5-bdcec678e536] has crashed. Sending fake resignation because it was too rude to.
18:05:57.477 [org.webgme.guest.control.control.main()] INFO  org.cpswt.hla.SynchronizedFederate - control-e5ed660e-9fc4-46c8-a500-6754d2657d79: SimEnd interaction received, exiting...
18:05:57.477 [org.webgme.guest.control.control.main()] INFO  org.webgme.guest.control.control - waiting to receive SimTime...
18:05:58.483 [org.webgme.guest.control.control.main()] INFO  org.webgme.guest.control.control - waiting to receive SimTime...
18:05:59.494 [org.webgme.guest.control.control.main()] INFO  org.webgme.guest.control.control - waiting to receive SimTime...
18:06:00.501 [org.webgme.guest.control.control.main()] INFO  org.webgme.guest.control.control - waiting to receive SimTime...
18:06:01.507 [org.webgme.guest.control.control.main()] INFO  org.webgme.guest.control.control - waiting to receive SimTime...
18:06:02.514 [org.webgme.guest.control.control.main()] INFO  org.webgme.guest.control.control - waiting to receive SimTime...
18:06:03.529 [org.webgme.guest.control.control.main()] INFO  org.webgme.guest.control.control - waiting to receive SimTime...
18:06:04.541 [org.webgme.guest.control.control.main()] INFO  org.webgme.guest.control.control - waiting to receive SimTime...
18:06:05.549 [org.webgme.guest.control.control.main()] INFO  org.webgme.guest.control.control - waiting to receive SimTime...
18:06:06.555 [org.webgme.guest.control.control.main()] INFO  org.webgme.guest.control.control - waiting to receive SimTime...
18:06:07.562 [org.webgme.guest.control.control.main()] INFO  org.webgme.guest.control.control - waiting to receive SimTime...
18:06:08.569 [org.webgme.guest.control.control.main()] INFO  org.webgme.guest.control.control - waiting to receive SimTime...
18:06:09.579 [org.webgme.guest.control.control.main()] INFO  org.webgme.guest.control.control - waiting to receive SimTime...
18:06:10.588 [org.webgme.guest.control.control.main()] INFO  org.webgme.guest.control.control - waiting to receive SimTime...
18:06:11.597 [org.webgme.guest.control.control.main()] INFO  org.webgme.guest.control.control - waiting to receive SimTime...
18:06:12.605 [org.webgme.guest.control.control.main()] INFO  org.webgme.guest.control.control - waiting to receive SimTime...
18:06:13.616 [org.webgme.guest.control.control.main()] INFO  org.webgme.guest.control.control - waiting to receive SimTime...
18:06:14.623 [org.webgme.guest.control.control.main()] INFO  org.webgme.guest.control.control - waiting to receive SimTime...
18:06:15.633 [org.webgme.guest.control.control.main()] INFO  org.webgme.guest.control.control - waiting to receive SimTime...
18:06:16.642 [org.webgme.guest.control.control.main()] INFO  org.webgme.guest.control.control - waiting to receive SimTime...
18:06:17.657 [org.webgme.guest.control.control.main()] INFO  org.webgme.guest.control.control - waiting to receive SimTime...
18:06:18.664 [org.webgme.guest.control.control.main()] INFO  org.webgme.guest.control.control - waiting to receive SimTime...
18:06:19.671 [org.webgme.guest.control.control.main()] INFO  org.webgme.guest.control.control - waiting to receive SimTime...
18:06:20.678 [org.webgme.guest.control.control.main()] INFO  org.webgme.guest.control.control - waiting to receive SimTime...
18:06:21.684 [org.webgme.guest.control.control.main()] INFO  org.webgme.guest.control.control - waiting to receive SimTime...
18:06:22.692 [org.webgme.guest.control.control.main()] INFO  org.webgme.guest.control.control - waiting to receive SimTime...
