[INFO] Scanning for projects...
[INFO]                                                                         
[INFO] ------------------------------------------------------------------------
[INFO] Building timesync_bw_2021_06_exec 0.1.0-SNAPSHOT
[INFO] ------------------------------------------------------------------------
[INFO] 
[INFO] --- exec-maven-plugin:1.5.0:java (default-cli) @ timesync_bw_2021_06_exec ---

-------------------------------------------------------------------
GMS: address=vagrant-8110, cluster=timesync_bw_2021_06, physical address=127.0.0.1:48685
-------------------------------------------------------------------
18:01:44.157 [org.webgme.guest.processor.processor.main()] INFO  org.webgme.guest.processor.processor - waiting on readyToPopulate...
18:01:55.158 [org.webgme.guest.processor.processor.main()] INFO  org.webgme.guest.processor.processor - ...synchronized on readyToPopulate
18:01:55.158 [org.webgme.guest.processor.processor.main()] INFO  org.webgme.guest.processor.processor - waiting on readyToRun...
18:01:55.412 [org.webgme.guest.processor.processor.main()] INFO  org.webgme.guest.processor.processor - ...synchronized on readyToRun
18:01:55.416 [org.webgme.guest.processor.processor.main()] INFO  org.webgme.guest.processor.processor - started logical time progression
18:01:55.422 [org.webgme.guest.processor.processor.main()] INFO  org.webgme.guest.processor.processor - waiting to receive SimTime...
18:01:56.433 [org.webgme.guest.processor.processor.main()] INFO  org.webgme.guest.processor.processor - waiting to receive SimTime...
18:01:56.451 [org.webgme.guest.processor.processor.main()] INFO  org.webgme.guest.processor.processor - From socket, sockTime = 0.0
18:01:56.455 [org.webgme.guest.processor.processor.main()] INFO  org.webgme.guest.processor.processor - => sent sockTime = 0.0,    procTime = 0.0
18:01:57.415 [org.webgme.guest.processor.processor.main()] INFO  org.webgme.guest.processor.processor - waiting to receive SimTime...
18:01:58.426 [org.webgme.guest.processor.processor.main()] INFO  org.webgme.guest.processor.processor - waiting to receive SimTime...
18:01:58.427 [org.webgme.guest.processor.processor.main()] INFO  org.webgme.guest.processor.processor - From socket, sockTime = 1.0
18:01:58.429 [org.webgme.guest.processor.processor.main()] INFO  org.webgme.guest.processor.processor - => sent sockTime = 1.0,    procTime = 1.0
18:01:59.455 [org.webgme.guest.processor.processor.main()] INFO  org.webgme.guest.processor.processor - waiting to receive SimTime...
18:02:00.463 [org.webgme.guest.processor.processor.main()] INFO  org.webgme.guest.processor.processor - waiting to receive SimTime...
18:02:00.465 [org.webgme.guest.processor.processor.main()] INFO  org.webgme.guest.processor.processor - From socket, sockTime = 2.0
18:02:00.468 [org.webgme.guest.processor.processor.main()] INFO  org.webgme.guest.processor.processor - => sent sockTime = 2.0,    procTime = 2.0
18:02:01.499 [org.webgme.guest.processor.processor.main()] INFO  org.webgme.guest.processor.processor - waiting to receive SimTime...
18:02:02.505 [org.webgme.guest.processor.processor.main()] INFO  org.webgme.guest.processor.processor - waiting to receive SimTime...
18:02:02.506 [org.webgme.guest.processor.processor.main()] INFO  org.webgme.guest.processor.processor - From socket, sockTime = 3.0
18:02:02.507 [org.webgme.guest.processor.processor.main()] INFO  org.webgme.guest.processor.processor - => sent sockTime = 3.0,    procTime = 3.0
18:02:03.544 [org.webgme.guest.processor.processor.main()] INFO  org.webgme.guest.processor.processor - waiting to receive SimTime...
18:02:04.550 [org.webgme.guest.processor.processor.main()] INFO  org.webgme.guest.processor.processor - waiting to receive SimTime...
18:02:04.552 [org.webgme.guest.processor.processor.main()] INFO  org.webgme.guest.processor.processor - From socket, sockTime = 4.0
18:02:04.553 [org.webgme.guest.processor.processor.main()] INFO  org.webgme.guest.processor.processor - => sent sockTime = 4.0,    procTime = 4.0
18:02:05.581 [org.webgme.guest.processor.processor.main()] INFO  org.webgme.guest.processor.processor - waiting to receive SimTime...
18:02:06.589 [org.webgme.guest.processor.processor.main()] INFO  org.webgme.guest.processor.processor - waiting to receive SimTime...
18:02:06.593 [org.webgme.guest.processor.processor.main()] INFO  org.webgme.guest.processor.processor - From socket, sockTime = 5.0
18:02:06.596 [org.webgme.guest.processor.processor.main()] INFO  org.webgme.guest.processor.processor - => sent sockTime = 5.0,    procTime = 5.0
18:02:07.625 [org.webgme.guest.processor.processor.main()] INFO  org.webgme.guest.processor.processor - waiting to receive SimTime...
18:02:08.633 [org.webgme.guest.processor.processor.main()] INFO  org.webgme.guest.processor.processor - waiting to receive SimTime...
18:02:08.634 [org.webgme.guest.processor.processor.main()] INFO  org.webgme.guest.processor.processor - From socket, sockTime = 6.0
18:02:08.634 [org.webgme.guest.processor.processor.main()] INFO  org.webgme.guest.processor.processor - => sent sockTime = 6.0,    procTime = 6.0
18:02:09.656 [org.webgme.guest.processor.processor.main()] INFO  org.webgme.guest.processor.processor - waiting to receive SimTime...
18:02:10.662 [org.webgme.guest.processor.processor.main()] INFO  org.webgme.guest.processor.processor - waiting to receive SimTime...
18:02:10.663 [org.webgme.guest.processor.processor.main()] INFO  org.webgme.guest.processor.processor - From socket, sockTime = 7.0
18:02:10.664 [org.webgme.guest.processor.processor.main()] INFO  org.webgme.guest.processor.processor - => sent sockTime = 7.0,    procTime = 7.0
18:02:11.699 [org.webgme.guest.processor.processor.main()] INFO  org.webgme.guest.processor.processor - waiting to receive SimTime...
18:02:12.706 [org.webgme.guest.processor.processor.main()] INFO  org.webgme.guest.processor.processor - waiting to receive SimTime...
18:02:12.708 [org.webgme.guest.processor.processor.main()] INFO  org.webgme.guest.processor.processor - From socket, sockTime = 8.0
18:02:12.712 [org.webgme.guest.processor.processor.main()] INFO  org.webgme.guest.processor.processor - => sent sockTime = 8.0,    procTime = 8.0
18:02:13.737 [org.webgme.guest.processor.processor.main()] INFO  org.webgme.guest.processor.processor - waiting to receive SimTime...
18:02:14.745 [org.webgme.guest.processor.processor.main()] INFO  org.webgme.guest.processor.processor - waiting to receive SimTime...
18:02:14.747 [org.webgme.guest.processor.processor.main()] INFO  org.webgme.guest.processor.processor - From socket, sockTime = 9.0
18:02:14.758 [org.webgme.guest.processor.processor.main()] INFO  org.webgme.guest.processor.processor - => sent sockTime = 9.0,    procTime = 9.0
18:02:15.760 [org.webgme.guest.processor.processor.main()] INFO  org.webgme.guest.processor.processor - waiting to receive SimTime...
18:02:16.768 [org.webgme.guest.processor.processor.main()] INFO  org.webgme.guest.processor.processor - waiting to receive SimTime...
18:02:16.769 [org.webgme.guest.processor.processor.main()] INFO  org.webgme.guest.processor.processor - From socket, sockTime = 10.0
18:02:16.770 [org.webgme.guest.processor.processor.main()] INFO  org.webgme.guest.processor.processor - => sent sockTime = 10.0,    procTime = 10.0
18:02:17.789 [org.webgme.guest.processor.processor.main()] INFO  org.webgme.guest.processor.processor - waiting to receive SimTime...
18:02:18.795 [org.webgme.guest.processor.processor.main()] INFO  org.webgme.guest.processor.processor - waiting to receive SimTime...
18:02:18.797 [org.webgme.guest.processor.processor.main()] INFO  org.webgme.guest.processor.processor - From socket, sockTime = 11.0
18:02:18.799 [org.webgme.guest.processor.processor.main()] INFO  org.webgme.guest.processor.processor - => sent sockTime = 11.0,    procTime = 11.0
18:02:19.831 [org.webgme.guest.processor.processor.main()] INFO  org.webgme.guest.processor.processor - waiting to receive SimTime...
18:02:20.837 [org.webgme.guest.processor.processor.main()] INFO  org.webgme.guest.processor.processor - waiting to receive SimTime...
18:02:20.839 [org.webgme.guest.processor.processor.main()] INFO  org.webgme.guest.processor.processor - From socket, sockTime = 12.0
18:02:20.841 [org.webgme.guest.processor.processor.main()] INFO  org.webgme.guest.processor.processor - => sent sockTime = 12.0,    procTime = 12.0
18:02:21.857 [org.webgme.guest.processor.processor.main()] INFO  org.webgme.guest.processor.processor - waiting to receive SimTime...
18:02:22.863 [org.webgme.guest.processor.processor.main()] INFO  org.webgme.guest.processor.processor - waiting to receive SimTime...
18:02:22.867 [org.webgme.guest.processor.processor.main()] INFO  org.webgme.guest.processor.processor - From socket, sockTime = 13.0
18:02:22.870 [org.webgme.guest.processor.processor.main()] INFO  org.webgme.guest.processor.processor - => sent sockTime = 13.0,    procTime = 13.0
18:02:23.905 [org.webgme.guest.processor.processor.main()] INFO  org.webgme.guest.processor.processor - waiting to receive SimTime...
18:02:24.912 [org.webgme.guest.processor.processor.main()] INFO  org.webgme.guest.processor.processor - waiting to receive SimTime...
18:02:24.918 [org.webgme.guest.processor.processor.main()] INFO  org.webgme.guest.processor.processor - From socket, sockTime = 14.0
18:02:24.921 [org.webgme.guest.processor.processor.main()] INFO  org.webgme.guest.processor.processor - => sent sockTime = 14.0,    procTime = 14.0
18:02:25.953 [org.webgme.guest.processor.processor.main()] INFO  org.webgme.guest.processor.processor - waiting to receive SimTime...
18:02:26.959 [org.webgme.guest.processor.processor.main()] INFO  org.webgme.guest.processor.processor - waiting to receive SimTime...
18:02:26.961 [org.webgme.guest.processor.processor.main()] INFO  org.webgme.guest.processor.processor - From socket, sockTime = 15.0
18:02:26.965 [org.webgme.guest.processor.processor.main()] INFO  org.webgme.guest.processor.processor - => sent sockTime = 15.0,    procTime = 15.0
18:02:27.991 [org.webgme.guest.processor.processor.main()] INFO  org.webgme.guest.processor.processor - waiting to receive SimTime...
18:02:28.998 [org.webgme.guest.processor.processor.main()] INFO  org.webgme.guest.processor.processor - waiting to receive SimTime...
18:02:29.002 [org.webgme.guest.processor.processor.main()] INFO  org.webgme.guest.processor.processor - From socket, sockTime = 16.0
18:02:29.004 [org.webgme.guest.processor.processor.main()] INFO  org.webgme.guest.processor.processor - => sent sockTime = 16.0,    procTime = 16.0
18:02:30.043 [org.webgme.guest.processor.processor.main()] INFO  org.webgme.guest.processor.processor - waiting to receive SimTime...
18:02:31.050 [org.webgme.guest.processor.processor.main()] INFO  org.webgme.guest.processor.processor - waiting to receive SimTime...
18:02:31.051 [org.webgme.guest.processor.processor.main()] INFO  org.webgme.guest.processor.processor - From socket, sockTime = 17.0
18:02:31.052 [org.webgme.guest.processor.processor.main()] INFO  org.webgme.guest.processor.processor - => sent sockTime = 17.0,    procTime = 17.0
18:02:32.088 [org.webgme.guest.processor.processor.main()] INFO  org.webgme.guest.processor.processor - waiting to receive SimTime...
18:02:33.095 [org.webgme.guest.processor.processor.main()] INFO  org.webgme.guest.processor.processor - waiting to receive SimTime...
18:02:33.097 [org.webgme.guest.processor.processor.main()] INFO  org.webgme.guest.processor.processor - From socket, sockTime = 18.0
18:02:33.098 [org.webgme.guest.processor.processor.main()] INFO  org.webgme.guest.processor.processor - => sent sockTime = 18.0,    procTime = 18.0
18:02:34.134 [org.webgme.guest.processor.processor.main()] INFO  org.webgme.guest.processor.processor - waiting to receive SimTime...
18:02:35.141 [org.webgme.guest.processor.processor.main()] INFO  org.webgme.guest.processor.processor - waiting to receive SimTime...
18:02:35.142 [org.webgme.guest.processor.processor.main()] INFO  org.webgme.guest.processor.processor - From socket, sockTime = 19.0
18:02:35.144 [org.webgme.guest.processor.processor.main()] INFO  org.webgme.guest.processor.processor - => sent sockTime = 19.0,    procTime = 19.0
18:02:36.158 [org.webgme.guest.processor.processor.main()] INFO  org.webgme.guest.processor.processor - waiting to receive SimTime...
18:02:37.167 [org.webgme.guest.processor.processor.main()] INFO  org.webgme.guest.processor.processor - waiting to receive SimTime...
18:02:37.168 [org.webgme.guest.processor.processor.main()] INFO  org.webgme.guest.processor.processor - From socket, sockTime = 20.0
18:02:37.170 [org.webgme.guest.processor.processor.main()] INFO  org.webgme.guest.processor.processor - => sent sockTime = 20.0,    procTime = 20.0
18:02:38.223 [org.webgme.guest.processor.processor.main()] INFO  org.webgme.guest.processor.processor - waiting to receive SimTime...
18:02:39.232 [org.webgme.guest.processor.processor.main()] INFO  org.webgme.guest.processor.processor - waiting to receive SimTime...
18:02:39.233 [org.webgme.guest.processor.processor.main()] INFO  org.webgme.guest.processor.processor - From socket, sockTime = 21.0
18:02:39.234 [org.webgme.guest.processor.processor.main()] INFO  org.webgme.guest.processor.processor - => sent sockTime = 21.0,    procTime = 21.0
18:02:40.251 [org.webgme.guest.processor.processor.main()] INFO  org.webgme.guest.processor.processor - waiting to receive SimTime...
18:02:41.258 [org.webgme.guest.processor.processor.main()] INFO  org.webgme.guest.processor.processor - waiting to receive SimTime...
18:02:41.259 [org.webgme.guest.processor.processor.main()] INFO  org.webgme.guest.processor.processor - From socket, sockTime = 22.0
18:02:41.262 [org.webgme.guest.processor.processor.main()] INFO  org.webgme.guest.processor.processor - => sent sockTime = 22.0,    procTime = 22.0
18:02:42.281 [org.webgme.guest.processor.processor.main()] INFO  org.webgme.guest.processor.processor - waiting to receive SimTime...
18:02:43.288 [org.webgme.guest.processor.processor.main()] INFO  org.webgme.guest.processor.processor - waiting to receive SimTime...
18:02:43.289 [org.webgme.guest.processor.processor.main()] INFO  org.webgme.guest.processor.processor - From socket, sockTime = 23.0
18:02:43.290 [org.webgme.guest.processor.processor.main()] INFO  org.webgme.guest.processor.processor - => sent sockTime = 23.0,    procTime = 23.0
18:02:44.308 [org.webgme.guest.processor.processor.main()] INFO  org.webgme.guest.processor.processor - waiting to receive SimTime...
18:02:45.314 [org.webgme.guest.processor.processor.main()] INFO  org.webgme.guest.processor.processor - waiting to receive SimTime...
18:02:45.316 [org.webgme.guest.processor.processor.main()] INFO  org.webgme.guest.processor.processor - From socket, sockTime = 24.0
18:02:45.316 [org.webgme.guest.processor.processor.main()] INFO  org.webgme.guest.processor.processor - => sent sockTime = 24.0,    procTime = 24.0
18:02:46.336 [org.webgme.guest.processor.processor.main()] INFO  org.webgme.guest.processor.processor - waiting to receive SimTime...
18:02:47.342 [org.webgme.guest.processor.processor.main()] INFO  org.webgme.guest.processor.processor - waiting to receive SimTime...
18:02:47.344 [org.webgme.guest.processor.processor.main()] INFO  org.webgme.guest.processor.processor - From socket, sockTime = 25.0
18:02:47.345 [org.webgme.guest.processor.processor.main()] INFO  org.webgme.guest.processor.processor - => sent sockTime = 25.0,    procTime = 25.0
18:02:48.381 [org.webgme.guest.processor.processor.main()] INFO  org.webgme.guest.processor.processor - waiting to receive SimTime...
18:02:49.388 [org.webgme.guest.processor.processor.main()] INFO  org.webgme.guest.processor.processor - waiting to receive SimTime...
18:02:49.390 [org.webgme.guest.processor.processor.main()] INFO  org.webgme.guest.processor.processor - From socket, sockTime = 26.0
18:02:49.391 [org.webgme.guest.processor.processor.main()] INFO  org.webgme.guest.processor.processor - => sent sockTime = 26.0,    procTime = 26.0
18:02:50.430 [org.webgme.guest.processor.processor.main()] INFO  org.webgme.guest.processor.processor - waiting to receive SimTime...
18:02:51.439 [org.webgme.guest.processor.processor.main()] INFO  org.webgme.guest.processor.processor - waiting to receive SimTime...
18:02:51.442 [org.webgme.guest.processor.processor.main()] INFO  org.webgme.guest.processor.processor - From socket, sockTime = 27.0
18:02:51.444 [org.webgme.guest.processor.processor.main()] INFO  org.webgme.guest.processor.processor - => sent sockTime = 27.0,    procTime = 27.0
18:02:52.467 [org.webgme.guest.processor.processor.main()] INFO  org.webgme.guest.processor.processor - waiting to receive SimTime...
18:02:53.475 [org.webgme.guest.processor.processor.main()] INFO  org.webgme.guest.processor.processor - waiting to receive SimTime...
18:02:53.476 [org.webgme.guest.processor.processor.main()] INFO  org.webgme.guest.processor.processor - From socket, sockTime = 28.0
18:02:53.476 [org.webgme.guest.processor.processor.main()] INFO  org.webgme.guest.processor.processor - => sent sockTime = 28.0,    procTime = 28.0
18:02:54.505 [org.webgme.guest.processor.processor.main()] INFO  org.webgme.guest.processor.processor - waiting to receive SimTime...
18:02:55.512 [org.webgme.guest.processor.processor.main()] INFO  org.webgme.guest.processor.processor - waiting to receive SimTime...
18:02:55.512 [org.webgme.guest.processor.processor.main()] INFO  org.webgme.guest.processor.processor - From socket, sockTime = 29.0
18:02:55.513 [org.webgme.guest.processor.processor.main()] INFO  org.webgme.guest.processor.processor - => sent sockTime = 29.0,    procTime = 29.0
18:02:56.537 [org.webgme.guest.processor.processor.main()] INFO  org.webgme.guest.processor.processor - waiting to receive SimTime...
18:02:57.545 [org.webgme.guest.processor.processor.main()] INFO  org.webgme.guest.processor.processor - waiting to receive SimTime...
18:02:57.547 [org.webgme.guest.processor.processor.main()] INFO  org.webgme.guest.processor.processor - From socket, sockTime = 30.0
18:02:57.549 [org.webgme.guest.processor.processor.main()] INFO  org.webgme.guest.processor.processor - => sent sockTime = 30.0,    procTime = 30.0
18:02:58.585 [org.webgme.guest.processor.processor.main()] INFO  org.webgme.guest.processor.processor - waiting to receive SimTime...
18:02:59.592 [org.webgme.guest.processor.processor.main()] INFO  org.webgme.guest.processor.processor - waiting to receive SimTime...
18:02:59.593 [org.webgme.guest.processor.processor.main()] INFO  org.webgme.guest.processor.processor - From socket, sockTime = 31.0
18:02:59.596 [org.webgme.guest.processor.processor.main()] INFO  org.webgme.guest.processor.processor - => sent sockTime = 31.0,    procTime = 31.0
18:03:00.613 [org.webgme.guest.processor.processor.main()] INFO  org.webgme.guest.processor.processor - waiting to receive SimTime...
18:03:01.621 [org.webgme.guest.processor.processor.main()] INFO  org.webgme.guest.processor.processor - waiting to receive SimTime...
18:03:01.625 [org.webgme.guest.processor.processor.main()] INFO  org.webgme.guest.processor.processor - From socket, sockTime = 32.0
18:03:01.627 [org.webgme.guest.processor.processor.main()] INFO  org.webgme.guest.processor.processor - => sent sockTime = 32.0,    procTime = 32.0
18:03:02.641 [org.webgme.guest.processor.processor.main()] INFO  org.webgme.guest.processor.processor - waiting to receive SimTime...
18:03:03.649 [org.webgme.guest.processor.processor.main()] INFO  org.webgme.guest.processor.processor - waiting to receive SimTime...
18:03:03.650 [org.webgme.guest.processor.processor.main()] INFO  org.webgme.guest.processor.processor - From socket, sockTime = 33.0
18:03:03.651 [org.webgme.guest.processor.processor.main()] INFO  org.webgme.guest.processor.processor - => sent sockTime = 33.0,    procTime = 33.0
18:03:04.680 [org.webgme.guest.processor.processor.main()] INFO  org.webgme.guest.processor.processor - waiting to receive SimTime...
18:03:05.686 [org.webgme.guest.processor.processor.main()] INFO  org.webgme.guest.processor.processor - waiting to receive SimTime...
18:03:05.688 [org.webgme.guest.processor.processor.main()] INFO  org.webgme.guest.processor.processor - From socket, sockTime = 34.0
18:03:05.694 [org.webgme.guest.processor.processor.main()] INFO  org.webgme.guest.processor.processor - => sent sockTime = 34.0,    procTime = 34.0
18:03:06.718 [org.webgme.guest.processor.processor.main()] INFO  org.webgme.guest.processor.processor - waiting to receive SimTime...
18:03:07.725 [org.webgme.guest.processor.processor.main()] INFO  org.webgme.guest.processor.processor - waiting to receive SimTime...
18:03:07.727 [org.webgme.guest.processor.processor.main()] INFO  org.webgme.guest.processor.processor - From socket, sockTime = 35.0
18:03:07.728 [org.webgme.guest.processor.processor.main()] INFO  org.webgme.guest.processor.processor - => sent sockTime = 35.0,    procTime = 35.0
18:03:08.751 [org.webgme.guest.processor.processor.main()] INFO  org.webgme.guest.processor.processor - waiting to receive SimTime...
18:03:09.762 [org.webgme.guest.processor.processor.main()] INFO  org.webgme.guest.processor.processor - waiting to receive SimTime...
18:03:09.763 [org.webgme.guest.processor.processor.main()] INFO  org.webgme.guest.processor.processor - From socket, sockTime = 36.0
18:03:09.764 [org.webgme.guest.processor.processor.main()] INFO  org.webgme.guest.processor.processor - => sent sockTime = 36.0,    procTime = 36.0
18:03:10.785 [org.webgme.guest.processor.processor.main()] INFO  org.webgme.guest.processor.processor - waiting to receive SimTime...
18:03:11.795 [org.webgme.guest.processor.processor.main()] INFO  org.webgme.guest.processor.processor - waiting to receive SimTime...
18:03:11.796 [org.webgme.guest.processor.processor.main()] INFO  org.webgme.guest.processor.processor - From socket, sockTime = 37.0
18:03:11.797 [org.webgme.guest.processor.processor.main()] INFO  org.webgme.guest.processor.processor - => sent sockTime = 37.0,    procTime = 37.0
18:03:12.819 [org.webgme.guest.processor.processor.main()] INFO  org.webgme.guest.processor.processor - waiting to receive SimTime...
18:03:13.824 [org.webgme.guest.processor.processor.main()] INFO  org.webgme.guest.processor.processor - waiting to receive SimTime...
18:03:13.825 [org.webgme.guest.processor.processor.main()] INFO  org.webgme.guest.processor.processor - From socket, sockTime = 38.0
18:03:13.826 [org.webgme.guest.processor.processor.main()] INFO  org.webgme.guest.processor.processor - => sent sockTime = 38.0,    procTime = 38.0
18:03:14.863 [org.webgme.guest.processor.processor.main()] INFO  org.webgme.guest.processor.processor - waiting to receive SimTime...
18:03:15.874 [org.webgme.guest.processor.processor.main()] INFO  org.webgme.guest.processor.processor - waiting to receive SimTime...
18:03:15.875 [org.webgme.guest.processor.processor.main()] INFO  org.webgme.guest.processor.processor - From socket, sockTime = 39.0
18:03:15.877 [org.webgme.guest.processor.processor.main()] INFO  org.webgme.guest.processor.processor - => sent sockTime = 39.0,    procTime = 39.0
18:03:16.903 [org.webgme.guest.processor.processor.main()] INFO  org.webgme.guest.processor.processor - waiting to receive SimTime...
18:03:17.909 [org.webgme.guest.processor.processor.main()] INFO  org.webgme.guest.processor.processor - waiting to receive SimTime...
18:03:17.910 [org.webgme.guest.processor.processor.main()] INFO  org.webgme.guest.processor.processor - From socket, sockTime = 40.0
18:03:17.911 [org.webgme.guest.processor.processor.main()] INFO  org.webgme.guest.processor.processor - => sent sockTime = 40.0,    procTime = 40.0
18:03:18.953 [org.webgme.guest.processor.processor.main()] INFO  org.webgme.guest.processor.processor - waiting to receive SimTime...
18:03:19.960 [org.webgme.guest.processor.processor.main()] INFO  org.webgme.guest.processor.processor - waiting to receive SimTime...
18:03:19.961 [org.webgme.guest.processor.processor.main()] INFO  org.webgme.guest.processor.processor - From socket, sockTime = 41.0
18:03:19.962 [org.webgme.guest.processor.processor.main()] INFO  org.webgme.guest.processor.processor - => sent sockTime = 41.0,    procTime = 41.0
18:03:20.986 [org.webgme.guest.processor.processor.main()] INFO  org.webgme.guest.processor.processor - waiting to receive SimTime...
18:03:21.997 [org.webgme.guest.processor.processor.main()] INFO  org.webgme.guest.processor.processor - waiting to receive SimTime...
18:03:21.999 [org.webgme.guest.processor.processor.main()] INFO  org.webgme.guest.processor.processor - From socket, sockTime = 42.0
18:03:22.002 [org.webgme.guest.processor.processor.main()] INFO  org.webgme.guest.processor.processor - => sent sockTime = 42.0,    procTime = 42.0
18:03:23.019 [org.webgme.guest.processor.processor.main()] INFO  org.webgme.guest.processor.processor - waiting to receive SimTime...
18:03:24.024 [org.webgme.guest.processor.processor.main()] INFO  org.webgme.guest.processor.processor - waiting to receive SimTime...
18:03:24.026 [org.webgme.guest.processor.processor.main()] INFO  org.webgme.guest.processor.processor - From socket, sockTime = 43.0
18:03:24.027 [org.webgme.guest.processor.processor.main()] INFO  org.webgme.guest.processor.processor - => sent sockTime = 43.0,    procTime = 43.0
18:03:25.053 [org.webgme.guest.processor.processor.main()] INFO  org.webgme.guest.processor.processor - waiting to receive SimTime...
18:03:26.060 [org.webgme.guest.processor.processor.main()] INFO  org.webgme.guest.processor.processor - waiting to receive SimTime...
18:03:26.061 [org.webgme.guest.processor.processor.main()] INFO  org.webgme.guest.processor.processor - From socket, sockTime = 44.0
18:03:26.061 [org.webgme.guest.processor.processor.main()] INFO  org.webgme.guest.processor.processor - => sent sockTime = 44.0,    procTime = 44.0
18:03:27.072 [org.webgme.guest.processor.processor.main()] INFO  org.webgme.guest.processor.processor - waiting to receive SimTime...
18:03:28.079 [org.webgme.guest.processor.processor.main()] INFO  org.webgme.guest.processor.processor - waiting to receive SimTime...
18:03:28.081 [org.webgme.guest.processor.processor.main()] INFO  org.webgme.guest.processor.processor - From socket, sockTime = 45.0
18:03:28.083 [org.webgme.guest.processor.processor.main()] INFO  org.webgme.guest.processor.processor - => sent sockTime = 45.0,    procTime = 45.0
18:03:29.130 [org.webgme.guest.processor.processor.main()] INFO  org.webgme.guest.processor.processor - waiting to receive SimTime...
18:03:30.138 [org.webgme.guest.processor.processor.main()] INFO  org.webgme.guest.processor.processor - waiting to receive SimTime...
18:03:30.139 [org.webgme.guest.processor.processor.main()] INFO  org.webgme.guest.processor.processor - From socket, sockTime = 46.0
18:03:30.140 [org.webgme.guest.processor.processor.main()] INFO  org.webgme.guest.processor.processor - => sent sockTime = 46.0,    procTime = 46.0
18:03:31.141 [org.webgme.guest.processor.processor.main()] INFO  org.webgme.guest.processor.processor - waiting to receive SimTime...
18:03:32.150 [org.webgme.guest.processor.processor.main()] INFO  org.webgme.guest.processor.processor - waiting to receive SimTime...
18:03:32.151 [org.webgme.guest.processor.processor.main()] INFO  org.webgme.guest.processor.processor - From socket, sockTime = 47.0
18:03:32.152 [org.webgme.guest.processor.processor.main()] INFO  org.webgme.guest.processor.processor - => sent sockTime = 47.0,    procTime = 47.0
18:03:33.173 [org.webgme.guest.processor.processor.main()] INFO  org.webgme.guest.processor.processor - waiting to receive SimTime...
18:03:34.179 [org.webgme.guest.processor.processor.main()] INFO  org.webgme.guest.processor.processor - waiting to receive SimTime...
18:03:34.181 [org.webgme.guest.processor.processor.main()] INFO  org.webgme.guest.processor.processor - From socket, sockTime = 48.0
18:03:34.182 [org.webgme.guest.processor.processor.main()] INFO  org.webgme.guest.processor.processor - => sent sockTime = 48.0,    procTime = 48.0
18:03:35.205 [org.webgme.guest.processor.processor.main()] INFO  org.webgme.guest.processor.processor - waiting to receive SimTime...
18:03:36.213 [org.webgme.guest.processor.processor.main()] INFO  org.webgme.guest.processor.processor - waiting to receive SimTime...
18:03:36.214 [org.webgme.guest.processor.processor.main()] INFO  org.webgme.guest.processor.processor - From socket, sockTime = 49.0
18:03:36.214 [org.webgme.guest.processor.processor.main()] INFO  org.webgme.guest.processor.processor - => sent sockTime = 49.0,    procTime = 49.0
18:03:37.243 [org.webgme.guest.processor.processor.main()] INFO  org.webgme.guest.processor.processor - waiting to receive SimTime...
18:03:38.251 [org.webgme.guest.processor.processor.main()] INFO  org.webgme.guest.processor.processor - waiting to receive SimTime...
18:03:38.253 [org.webgme.guest.processor.processor.main()] INFO  org.webgme.guest.processor.processor - From socket, sockTime = 50.0
18:03:38.254 [org.webgme.guest.processor.processor.main()] INFO  org.webgme.guest.processor.processor - => sent sockTime = 50.0,    procTime = 50.0
18:03:39.288 [org.webgme.guest.processor.processor.main()] INFO  org.webgme.guest.processor.processor - waiting to receive SimTime...
18:03:40.293 [org.webgme.guest.processor.processor.main()] INFO  org.webgme.guest.processor.processor - waiting to receive SimTime...
18:03:40.294 [org.webgme.guest.processor.processor.main()] INFO  org.webgme.guest.processor.processor - From socket, sockTime = 51.0
18:03:40.295 [org.webgme.guest.processor.processor.main()] INFO  org.webgme.guest.processor.processor - => sent sockTime = 51.0,    procTime = 51.0
18:03:41.315 [org.webgme.guest.processor.processor.main()] INFO  org.webgme.guest.processor.processor - waiting to receive SimTime...
18:03:42.321 [org.webgme.guest.processor.processor.main()] INFO  org.webgme.guest.processor.processor - waiting to receive SimTime...
18:03:42.323 [org.webgme.guest.processor.processor.main()] INFO  org.webgme.guest.processor.processor - From socket, sockTime = 52.0
18:03:42.324 [org.webgme.guest.processor.processor.main()] INFO  org.webgme.guest.processor.processor - => sent sockTime = 52.0,    procTime = 52.0
18:03:43.351 [org.webgme.guest.processor.processor.main()] INFO  org.webgme.guest.processor.processor - waiting to receive SimTime...
18:03:44.357 [org.webgme.guest.processor.processor.main()] INFO  org.webgme.guest.processor.processor - waiting to receive SimTime...
18:03:44.358 [org.webgme.guest.processor.processor.main()] INFO  org.webgme.guest.processor.processor - From socket, sockTime = 53.0
18:03:44.360 [org.webgme.guest.processor.processor.main()] INFO  org.webgme.guest.processor.processor - => sent sockTime = 53.0,    procTime = 53.0
18:03:45.391 [org.webgme.guest.processor.processor.main()] INFO  org.webgme.guest.processor.processor - waiting to receive SimTime...
18:03:46.397 [org.webgme.guest.processor.processor.main()] INFO  org.webgme.guest.processor.processor - waiting to receive SimTime...
18:03:46.398 [org.webgme.guest.processor.processor.main()] INFO  org.webgme.guest.processor.processor - From socket, sockTime = 54.0
18:03:46.401 [org.webgme.guest.processor.processor.main()] INFO  org.webgme.guest.processor.processor - => sent sockTime = 54.0,    procTime = 54.0
18:03:47.426 [org.webgme.guest.processor.processor.main()] INFO  org.webgme.guest.processor.processor - waiting to receive SimTime...
18:03:48.432 [org.webgme.guest.processor.processor.main()] INFO  org.webgme.guest.processor.processor - waiting to receive SimTime...
18:03:48.434 [org.webgme.guest.processor.processor.main()] INFO  org.webgme.guest.processor.processor - From socket, sockTime = 55.0
18:03:48.435 [org.webgme.guest.processor.processor.main()] INFO  org.webgme.guest.processor.processor - => sent sockTime = 55.0,    procTime = 55.0
18:03:49.467 [org.webgme.guest.processor.processor.main()] INFO  org.webgme.guest.processor.processor - waiting to receive SimTime...
18:03:50.473 [org.webgme.guest.processor.processor.main()] INFO  org.webgme.guest.processor.processor - waiting to receive SimTime...
18:03:50.474 [org.webgme.guest.processor.processor.main()] INFO  org.webgme.guest.processor.processor - From socket, sockTime = 56.0
18:03:50.475 [org.webgme.guest.processor.processor.main()] INFO  org.webgme.guest.processor.processor - => sent sockTime = 56.0,    procTime = 56.0
18:03:51.506 [org.webgme.guest.processor.processor.main()] INFO  org.webgme.guest.processor.processor - waiting to receive SimTime...
18:03:52.513 [org.webgme.guest.processor.processor.main()] INFO  org.webgme.guest.processor.processor - waiting to receive SimTime...
18:03:52.513 [org.webgme.guest.processor.processor.main()] INFO  org.webgme.guest.processor.processor - From socket, sockTime = 57.0
18:03:52.514 [org.webgme.guest.processor.processor.main()] INFO  org.webgme.guest.processor.processor - => sent sockTime = 57.0,    procTime = 57.0
18:03:53.530 [org.webgme.guest.processor.processor.main()] INFO  org.webgme.guest.processor.processor - waiting to receive SimTime...
18:03:54.536 [org.webgme.guest.processor.processor.main()] INFO  org.webgme.guest.processor.processor - waiting to receive SimTime...
18:03:54.537 [org.webgme.guest.processor.processor.main()] INFO  org.webgme.guest.processor.processor - From socket, sockTime = 58.0
18:03:54.538 [org.webgme.guest.processor.processor.main()] INFO  org.webgme.guest.processor.processor - => sent sockTime = 58.0,    procTime = 58.0
18:03:55.567 [org.webgme.guest.processor.processor.main()] INFO  org.webgme.guest.processor.processor - waiting to receive SimTime...
18:03:56.572 [org.webgme.guest.processor.processor.main()] INFO  org.webgme.guest.processor.processor - waiting to receive SimTime...
18:03:56.573 [org.webgme.guest.processor.processor.main()] INFO  org.webgme.guest.processor.processor - From socket, sockTime = 59.0
18:03:56.574 [org.webgme.guest.processor.processor.main()] INFO  org.webgme.guest.processor.processor - => sent sockTime = 59.0,    procTime = 59.0
18:03:57.603 [org.webgme.guest.processor.processor.main()] INFO  org.webgme.guest.processor.processor - waiting to receive SimTime...
18:03:58.610 [org.webgme.guest.processor.processor.main()] INFO  org.webgme.guest.processor.processor - waiting to receive SimTime...
18:03:58.610 [org.webgme.guest.processor.processor.main()] INFO  org.webgme.guest.processor.processor - From socket, sockTime = 60.0
18:03:58.611 [org.webgme.guest.processor.processor.main()] INFO  org.webgme.guest.processor.processor - => sent sockTime = 60.0,    procTime = 60.0
18:03:59.644 [org.webgme.guest.processor.processor.main()] INFO  org.webgme.guest.processor.processor - waiting to receive SimTime...
18:04:00.650 [org.webgme.guest.processor.processor.main()] INFO  org.webgme.guest.processor.processor - waiting to receive SimTime...
18:04:00.650 [org.webgme.guest.processor.processor.main()] INFO  org.webgme.guest.processor.processor - From socket, sockTime = 61.0
18:04:00.651 [org.webgme.guest.processor.processor.main()] INFO  org.webgme.guest.processor.processor - => sent sockTime = 61.0,    procTime = 61.0
18:04:01.669 [org.webgme.guest.processor.processor.main()] INFO  org.webgme.guest.processor.processor - waiting to receive SimTime...
18:04:02.675 [org.webgme.guest.processor.processor.main()] INFO  org.webgme.guest.processor.processor - waiting to receive SimTime...
18:04:02.676 [org.webgme.guest.processor.processor.main()] INFO  org.webgme.guest.processor.processor - From socket, sockTime = 62.0
18:04:02.677 [org.webgme.guest.processor.processor.main()] INFO  org.webgme.guest.processor.processor - => sent sockTime = 62.0,    procTime = 62.0
18:04:03.708 [org.webgme.guest.processor.processor.main()] INFO  org.webgme.guest.processor.processor - waiting to receive SimTime...
18:04:04.714 [org.webgme.guest.processor.processor.main()] INFO  org.webgme.guest.processor.processor - waiting to receive SimTime...
18:04:04.715 [org.webgme.guest.processor.processor.main()] INFO  org.webgme.guest.processor.processor - From socket, sockTime = 63.0
18:04:04.716 [org.webgme.guest.processor.processor.main()] INFO  org.webgme.guest.processor.processor - => sent sockTime = 63.0,    procTime = 63.0
18:04:05.746 [org.webgme.guest.processor.processor.main()] INFO  org.webgme.guest.processor.processor - waiting to receive SimTime...
18:04:06.755 [org.webgme.guest.processor.processor.main()] INFO  org.webgme.guest.processor.processor - waiting to receive SimTime...
18:04:06.757 [org.webgme.guest.processor.processor.main()] INFO  org.webgme.guest.processor.processor - From socket, sockTime = 64.0
18:04:06.758 [org.webgme.guest.processor.processor.main()] INFO  org.webgme.guest.processor.processor - => sent sockTime = 64.0,    procTime = 64.0
18:04:07.772 [org.webgme.guest.processor.processor.main()] INFO  org.webgme.guest.processor.processor - waiting to receive SimTime...
18:04:08.780 [org.webgme.guest.processor.processor.main()] INFO  org.webgme.guest.processor.processor - waiting to receive SimTime...
18:04:08.780 [org.webgme.guest.processor.processor.main()] INFO  org.webgme.guest.processor.processor - From socket, sockTime = 65.0
18:04:08.781 [org.webgme.guest.processor.processor.main()] INFO  org.webgme.guest.processor.processor - => sent sockTime = 65.0,    procTime = 65.0
18:04:09.810 [org.webgme.guest.processor.processor.main()] INFO  org.webgme.guest.processor.processor - waiting to receive SimTime...
18:04:10.820 [org.webgme.guest.processor.processor.main()] INFO  org.webgme.guest.processor.processor - waiting to receive SimTime...
18:04:10.821 [org.webgme.guest.processor.processor.main()] INFO  org.webgme.guest.processor.processor - From socket, sockTime = 66.0
18:04:10.822 [org.webgme.guest.processor.processor.main()] INFO  org.webgme.guest.processor.processor - => sent sockTime = 66.0,    procTime = 66.0
18:04:11.842 [org.webgme.guest.processor.processor.main()] INFO  org.webgme.guest.processor.processor - waiting to receive SimTime...
18:04:12.850 [org.webgme.guest.processor.processor.main()] INFO  org.webgme.guest.processor.processor - waiting to receive SimTime...
18:04:12.857 [org.webgme.guest.processor.processor.main()] INFO  org.webgme.guest.processor.processor - From socket, sockTime = 67.0
18:04:12.858 [org.webgme.guest.processor.processor.main()] INFO  org.webgme.guest.processor.processor - => sent sockTime = 67.0,    procTime = 67.0
18:04:13.893 [org.webgme.guest.processor.processor.main()] INFO  org.webgme.guest.processor.processor - waiting to receive SimTime...
18:04:14.900 [org.webgme.guest.processor.processor.main()] INFO  org.webgme.guest.processor.processor - waiting to receive SimTime...
18:04:14.901 [org.webgme.guest.processor.processor.main()] INFO  org.webgme.guest.processor.processor - From socket, sockTime = 68.0
18:04:14.902 [org.webgme.guest.processor.processor.main()] INFO  org.webgme.guest.processor.processor - => sent sockTime = 68.0,    procTime = 68.0
18:04:15.926 [org.webgme.guest.processor.processor.main()] INFO  org.webgme.guest.processor.processor - waiting to receive SimTime...
18:04:16.932 [org.webgme.guest.processor.processor.main()] INFO  org.webgme.guest.processor.processor - waiting to receive SimTime...
18:04:16.933 [org.webgme.guest.processor.processor.main()] INFO  org.webgme.guest.processor.processor - From socket, sockTime = 69.0
18:04:16.934 [org.webgme.guest.processor.processor.main()] INFO  org.webgme.guest.processor.processor - => sent sockTime = 69.0,    procTime = 69.0
18:04:17.959 [org.webgme.guest.processor.processor.main()] INFO  org.webgme.guest.processor.processor - waiting to receive SimTime...
18:04:18.966 [org.webgme.guest.processor.processor.main()] INFO  org.webgme.guest.processor.processor - waiting to receive SimTime...
18:04:18.968 [org.webgme.guest.processor.processor.main()] INFO  org.webgme.guest.processor.processor - From socket, sockTime = 70.0
18:04:18.968 [org.webgme.guest.processor.processor.main()] INFO  org.webgme.guest.processor.processor - => sent sockTime = 70.0,    procTime = 70.0
18:04:19.990 [org.webgme.guest.processor.processor.main()] INFO  org.webgme.guest.processor.processor - waiting to receive SimTime...
18:04:20.999 [org.webgme.guest.processor.processor.main()] INFO  org.webgme.guest.processor.processor - waiting to receive SimTime...
18:04:20.999 [org.webgme.guest.processor.processor.main()] INFO  org.webgme.guest.processor.processor - From socket, sockTime = 71.0
18:04:21.000 [org.webgme.guest.processor.processor.main()] INFO  org.webgme.guest.processor.processor - => sent sockTime = 71.0,    procTime = 71.0
18:04:22.032 [org.webgme.guest.processor.processor.main()] INFO  org.webgme.guest.processor.processor - waiting to receive SimTime...
18:04:23.038 [org.webgme.guest.processor.processor.main()] INFO  org.webgme.guest.processor.processor - waiting to receive SimTime...
18:04:23.040 [org.webgme.guest.processor.processor.main()] INFO  org.webgme.guest.processor.processor - From socket, sockTime = 72.0
18:04:23.042 [org.webgme.guest.processor.processor.main()] INFO  org.webgme.guest.processor.processor - => sent sockTime = 72.0,    procTime = 72.0
18:04:24.068 [org.webgme.guest.processor.processor.main()] INFO  org.webgme.guest.processor.processor - waiting to receive SimTime...
18:04:25.075 [org.webgme.guest.processor.processor.main()] INFO  org.webgme.guest.processor.processor - waiting to receive SimTime...
18:04:25.075 [org.webgme.guest.processor.processor.main()] INFO  org.webgme.guest.processor.processor - From socket, sockTime = 73.0
18:04:25.076 [org.webgme.guest.processor.processor.main()] INFO  org.webgme.guest.processor.processor - => sent sockTime = 73.0,    procTime = 73.0
18:04:26.110 [org.webgme.guest.processor.processor.main()] INFO  org.webgme.guest.processor.processor - waiting to receive SimTime...
18:04:27.117 [org.webgme.guest.processor.processor.main()] INFO  org.webgme.guest.processor.processor - waiting to receive SimTime...
18:04:27.117 [org.webgme.guest.processor.processor.main()] INFO  org.webgme.guest.processor.processor - From socket, sockTime = 74.0
18:04:27.118 [org.webgme.guest.processor.processor.main()] INFO  org.webgme.guest.processor.processor - => sent sockTime = 74.0,    procTime = 74.0
18:04:28.145 [org.webgme.guest.processor.processor.main()] INFO  org.webgme.guest.processor.processor - waiting to receive SimTime...
18:04:29.152 [org.webgme.guest.processor.processor.main()] INFO  org.webgme.guest.processor.processor - waiting to receive SimTime...
18:04:29.154 [org.webgme.guest.processor.processor.main()] INFO  org.webgme.guest.processor.processor - From socket, sockTime = 75.0
18:04:29.156 [org.webgme.guest.processor.processor.main()] INFO  org.webgme.guest.processor.processor - => sent sockTime = 75.0,    procTime = 75.0
18:04:30.171 [org.webgme.guest.processor.processor.main()] INFO  org.webgme.guest.processor.processor - waiting to receive SimTime...
18:04:31.182 [org.webgme.guest.processor.processor.main()] INFO  org.webgme.guest.processor.processor - waiting to receive SimTime...
18:04:31.183 [org.webgme.guest.processor.processor.main()] INFO  org.webgme.guest.processor.processor - From socket, sockTime = 76.0
18:04:31.183 [org.webgme.guest.processor.processor.main()] INFO  org.webgme.guest.processor.processor - => sent sockTime = 76.0,    procTime = 76.0
18:04:32.215 [org.webgme.guest.processor.processor.main()] INFO  org.webgme.guest.processor.processor - waiting to receive SimTime...
18:04:33.222 [org.webgme.guest.processor.processor.main()] INFO  org.webgme.guest.processor.processor - waiting to receive SimTime...
18:04:33.224 [org.webgme.guest.processor.processor.main()] INFO  org.webgme.guest.processor.processor - From socket, sockTime = 77.0
18:04:33.225 [org.webgme.guest.processor.processor.main()] INFO  org.webgme.guest.processor.processor - => sent sockTime = 77.0,    procTime = 77.0
18:04:34.253 [org.webgme.guest.processor.processor.main()] INFO  org.webgme.guest.processor.processor - waiting to receive SimTime...
18:04:35.260 [org.webgme.guest.processor.processor.main()] INFO  org.webgme.guest.processor.processor - waiting to receive SimTime...
18:04:35.262 [org.webgme.guest.processor.processor.main()] INFO  org.webgme.guest.processor.processor - From socket, sockTime = 78.0
18:04:35.262 [org.webgme.guest.processor.processor.main()] INFO  org.webgme.guest.processor.processor - => sent sockTime = 78.0,    procTime = 78.0
18:04:36.302 [org.webgme.guest.processor.processor.main()] INFO  org.webgme.guest.processor.processor - waiting to receive SimTime...
18:04:37.309 [org.webgme.guest.processor.processor.main()] INFO  org.webgme.guest.processor.processor - waiting to receive SimTime...
18:04:37.310 [org.webgme.guest.processor.processor.main()] INFO  org.webgme.guest.processor.processor - From socket, sockTime = 79.0
18:04:37.312 [org.webgme.guest.processor.processor.main()] INFO  org.webgme.guest.processor.processor - => sent sockTime = 79.0,    procTime = 79.0
18:04:38.327 [org.webgme.guest.processor.processor.main()] INFO  org.webgme.guest.processor.processor - waiting to receive SimTime...
18:04:39.337 [org.webgme.guest.processor.processor.main()] INFO  org.webgme.guest.processor.processor - waiting to receive SimTime...
18:04:39.338 [org.webgme.guest.processor.processor.main()] INFO  org.webgme.guest.processor.processor - From socket, sockTime = 80.0
18:04:39.339 [org.webgme.guest.processor.processor.main()] INFO  org.webgme.guest.processor.processor - => sent sockTime = 80.0,    procTime = 80.0
18:04:40.365 [org.webgme.guest.processor.processor.main()] INFO  org.webgme.guest.processor.processor - waiting to receive SimTime...
18:04:41.374 [org.webgme.guest.processor.processor.main()] INFO  org.webgme.guest.processor.processor - waiting to receive SimTime...
18:04:41.375 [org.webgme.guest.processor.processor.main()] INFO  org.webgme.guest.processor.processor - From socket, sockTime = 81.0
18:04:41.376 [org.webgme.guest.processor.processor.main()] INFO  org.webgme.guest.processor.processor - => sent sockTime = 81.0,    procTime = 81.0
18:04:42.406 [org.webgme.guest.processor.processor.main()] INFO  org.webgme.guest.processor.processor - waiting to receive SimTime...
18:04:43.420 [org.webgme.guest.processor.processor.main()] INFO  org.webgme.guest.processor.processor - waiting to receive SimTime...
18:04:43.421 [org.webgme.guest.processor.processor.main()] INFO  org.webgme.guest.processor.processor - From socket, sockTime = 82.0
18:04:43.423 [org.webgme.guest.processor.processor.main()] INFO  org.webgme.guest.processor.processor - => sent sockTime = 82.0,    procTime = 82.0
18:04:44.443 [org.webgme.guest.processor.processor.main()] INFO  org.webgme.guest.processor.processor - waiting to receive SimTime...
18:04:45.452 [org.webgme.guest.processor.processor.main()] INFO  org.webgme.guest.processor.processor - waiting to receive SimTime...
18:04:45.453 [org.webgme.guest.processor.processor.main()] INFO  org.webgme.guest.processor.processor - From socket, sockTime = 83.0
18:04:45.455 [org.webgme.guest.processor.processor.main()] INFO  org.webgme.guest.processor.processor - => sent sockTime = 83.0,    procTime = 83.0
18:04:46.491 [org.webgme.guest.processor.processor.main()] INFO  org.webgme.guest.processor.processor - waiting to receive SimTime...
18:04:47.499 [org.webgme.guest.processor.processor.main()] INFO  org.webgme.guest.processor.processor - waiting to receive SimTime...
18:04:47.501 [org.webgme.guest.processor.processor.main()] INFO  org.webgme.guest.processor.processor - From socket, sockTime = 84.0
18:04:47.504 [org.webgme.guest.processor.processor.main()] INFO  org.webgme.guest.processor.processor - => sent sockTime = 84.0,    procTime = 84.0
18:04:48.547 [org.webgme.guest.processor.processor.main()] INFO  org.webgme.guest.processor.processor - waiting to receive SimTime...
18:04:49.555 [org.webgme.guest.processor.processor.main()] INFO  org.webgme.guest.processor.processor - waiting to receive SimTime...
18:04:49.557 [org.webgme.guest.processor.processor.main()] INFO  org.webgme.guest.processor.processor - From socket, sockTime = 85.0
18:04:49.558 [org.webgme.guest.processor.processor.main()] INFO  org.webgme.guest.processor.processor - => sent sockTime = 85.0,    procTime = 85.0
18:04:50.587 [org.webgme.guest.processor.processor.main()] INFO  org.webgme.guest.processor.processor - waiting to receive SimTime...
18:04:51.595 [org.webgme.guest.processor.processor.main()] INFO  org.webgme.guest.processor.processor - waiting to receive SimTime...
18:04:51.597 [org.webgme.guest.processor.processor.main()] INFO  org.webgme.guest.processor.processor - From socket, sockTime = 86.0
18:04:51.599 [org.webgme.guest.processor.processor.main()] INFO  org.webgme.guest.processor.processor - => sent sockTime = 86.0,    procTime = 86.0
18:04:52.630 [org.webgme.guest.processor.processor.main()] INFO  org.webgme.guest.processor.processor - waiting to receive SimTime...
18:04:53.640 [org.webgme.guest.processor.processor.main()] INFO  org.webgme.guest.processor.processor - waiting to receive SimTime...
18:04:53.640 [org.webgme.guest.processor.processor.main()] INFO  org.webgme.guest.processor.processor - From socket, sockTime = 87.0
18:04:53.641 [org.webgme.guest.processor.processor.main()] INFO  org.webgme.guest.processor.processor - => sent sockTime = 87.0,    procTime = 87.0
18:04:54.661 [org.webgme.guest.processor.processor.main()] INFO  org.webgme.guest.processor.processor - waiting to receive SimTime...
18:04:55.670 [org.webgme.guest.processor.processor.main()] INFO  org.webgme.guest.processor.processor - waiting to receive SimTime...
18:04:55.671 [org.webgme.guest.processor.processor.main()] INFO  org.webgme.guest.processor.processor - From socket, sockTime = 88.0
18:04:55.672 [org.webgme.guest.processor.processor.main()] INFO  org.webgme.guest.processor.processor - => sent sockTime = 88.0,    procTime = 88.0
18:04:56.692 [org.webgme.guest.processor.processor.main()] INFO  org.webgme.guest.processor.processor - waiting to receive SimTime...
18:04:57.698 [org.webgme.guest.processor.processor.main()] INFO  org.webgme.guest.processor.processor - waiting to receive SimTime...
18:04:57.699 [org.webgme.guest.processor.processor.main()] INFO  org.webgme.guest.processor.processor - From socket, sockTime = 89.0
18:04:57.700 [org.webgme.guest.processor.processor.main()] INFO  org.webgme.guest.processor.processor - => sent sockTime = 89.0,    procTime = 89.0
18:04:58.731 [org.webgme.guest.processor.processor.main()] INFO  org.webgme.guest.processor.processor - waiting to receive SimTime...
18:04:59.740 [org.webgme.guest.processor.processor.main()] INFO  org.webgme.guest.processor.processor - waiting to receive SimTime...
18:04:59.741 [org.webgme.guest.processor.processor.main()] INFO  org.webgme.guest.processor.processor - From socket, sockTime = 90.0
18:04:59.743 [org.webgme.guest.processor.processor.main()] INFO  org.webgme.guest.processor.processor - => sent sockTime = 90.0,    procTime = 90.0
18:05:00.762 [org.webgme.guest.processor.processor.main()] INFO  org.webgme.guest.processor.processor - waiting to receive SimTime...
18:05:01.773 [org.webgme.guest.processor.processor.main()] INFO  org.webgme.guest.processor.processor - waiting to receive SimTime...
18:05:01.773 [org.webgme.guest.processor.processor.main()] INFO  org.webgme.guest.processor.processor - From socket, sockTime = 91.0
18:05:01.773 [org.webgme.guest.processor.processor.main()] INFO  org.webgme.guest.processor.processor - => sent sockTime = 91.0,    procTime = 91.0
18:05:02.796 [org.webgme.guest.processor.processor.main()] INFO  org.webgme.guest.processor.processor - waiting to receive SimTime...
18:05:03.803 [org.webgme.guest.processor.processor.main()] INFO  org.webgme.guest.processor.processor - waiting to receive SimTime...
18:05:03.804 [org.webgme.guest.processor.processor.main()] INFO  org.webgme.guest.processor.processor - From socket, sockTime = 92.0
18:05:03.804 [org.webgme.guest.processor.processor.main()] INFO  org.webgme.guest.processor.processor - => sent sockTime = 92.0,    procTime = 92.0
18:05:04.829 [org.webgme.guest.processor.processor.main()] INFO  org.webgme.guest.processor.processor - waiting to receive SimTime...
18:05:05.836 [org.webgme.guest.processor.processor.main()] INFO  org.webgme.guest.processor.processor - waiting to receive SimTime...
18:05:05.838 [org.webgme.guest.processor.processor.main()] INFO  org.webgme.guest.processor.processor - From socket, sockTime = 93.0
18:05:05.839 [org.webgme.guest.processor.processor.main()] INFO  org.webgme.guest.processor.processor - => sent sockTime = 93.0,    procTime = 93.0
18:05:06.885 [org.webgme.guest.processor.processor.main()] INFO  org.webgme.guest.processor.processor - waiting to receive SimTime...
18:05:07.891 [org.webgme.guest.processor.processor.main()] INFO  org.webgme.guest.processor.processor - waiting to receive SimTime...
18:05:07.893 [org.webgme.guest.processor.processor.main()] INFO  org.webgme.guest.processor.processor - From socket, sockTime = 94.0
18:05:07.894 [org.webgme.guest.processor.processor.main()] INFO  org.webgme.guest.processor.processor - => sent sockTime = 94.0,    procTime = 94.0
18:05:08.911 [org.webgme.guest.processor.processor.main()] INFO  org.webgme.guest.processor.processor - waiting to receive SimTime...
18:05:09.918 [org.webgme.guest.processor.processor.main()] INFO  org.webgme.guest.processor.processor - waiting to receive SimTime...
18:05:09.920 [org.webgme.guest.processor.processor.main()] INFO  org.webgme.guest.processor.processor - From socket, sockTime = 95.0
18:05:09.920 [org.webgme.guest.processor.processor.main()] INFO  org.webgme.guest.processor.processor - => sent sockTime = 95.0,    procTime = 95.0
18:05:10.948 [org.webgme.guest.processor.processor.main()] INFO  org.webgme.guest.processor.processor - waiting to receive SimTime...
18:05:11.956 [org.webgme.guest.processor.processor.main()] INFO  org.webgme.guest.processor.processor - waiting to receive SimTime...
18:05:11.958 [org.webgme.guest.processor.processor.main()] INFO  org.webgme.guest.processor.processor - From socket, sockTime = 96.0
18:05:11.959 [org.webgme.guest.processor.processor.main()] INFO  org.webgme.guest.processor.processor - => sent sockTime = 96.0,    procTime = 96.0
18:05:12.987 [org.webgme.guest.processor.processor.main()] INFO  org.webgme.guest.processor.processor - waiting to receive SimTime...
18:05:13.994 [org.webgme.guest.processor.processor.main()] INFO  org.webgme.guest.processor.processor - waiting to receive SimTime...
18:05:13.995 [org.webgme.guest.processor.processor.main()] INFO  org.webgme.guest.processor.processor - From socket, sockTime = 97.0
18:05:13.996 [org.webgme.guest.processor.processor.main()] INFO  org.webgme.guest.processor.processor - => sent sockTime = 97.0,    procTime = 97.0
18:05:15.018 [org.webgme.guest.processor.processor.main()] INFO  org.webgme.guest.processor.processor - waiting to receive SimTime...
18:05:16.024 [org.webgme.guest.processor.processor.main()] INFO  org.webgme.guest.processor.processor - waiting to receive SimTime...
18:05:16.024 [org.webgme.guest.processor.processor.main()] INFO  org.webgme.guest.processor.processor - From socket, sockTime = 98.0
18:05:16.025 [org.webgme.guest.processor.processor.main()] INFO  org.webgme.guest.processor.processor - => sent sockTime = 98.0,    procTime = 98.0
18:05:17.059 [org.webgme.guest.processor.processor.main()] INFO  org.webgme.guest.processor.processor - waiting to receive SimTime...
18:05:18.067 [org.webgme.guest.processor.processor.main()] INFO  org.webgme.guest.processor.processor - waiting to receive SimTime...
18:05:18.068 [org.webgme.guest.processor.processor.main()] INFO  org.webgme.guest.processor.processor - From socket, sockTime = 99.0
18:05:18.069 [org.webgme.guest.processor.processor.main()] INFO  org.webgme.guest.processor.processor - => sent sockTime = 99.0,    procTime = 99.0
18:05:19.090 [org.webgme.guest.processor.processor.main()] INFO  org.webgme.guest.processor.processor - waiting to receive SimTime...
18:05:20.100 [org.webgme.guest.processor.processor.main()] INFO  org.webgme.guest.processor.processor - waiting to receive SimTime...
18:05:20.102 [org.webgme.guest.processor.processor.main()] INFO  org.webgme.guest.processor.processor - From socket, sockTime = 100.0
18:05:20.104 [org.webgme.guest.processor.processor.main()] INFO  org.webgme.guest.processor.processor - => sent sockTime = 100.0,    procTime = 100.0
18:05:21.125 [org.webgme.guest.processor.processor.main()] INFO  org.webgme.guest.processor.processor - waiting to receive SimTime...
18:05:22.131 [org.webgme.guest.processor.processor.main()] INFO  org.webgme.guest.processor.processor - waiting to receive SimTime...
18:05:22.132 [org.webgme.guest.processor.processor.main()] INFO  org.webgme.guest.processor.processor - From socket, sockTime = 101.0
18:05:22.134 [org.webgme.guest.processor.processor.main()] INFO  org.webgme.guest.processor.processor - => sent sockTime = 101.0,    procTime = 101.0
18:05:23.161 [org.webgme.guest.processor.processor.main()] INFO  org.webgme.guest.processor.processor - waiting to receive SimTime...
18:05:24.168 [org.webgme.guest.processor.processor.main()] INFO  org.webgme.guest.processor.processor - waiting to receive SimTime...
18:05:24.170 [org.webgme.guest.processor.processor.main()] INFO  org.webgme.guest.processor.processor - From socket, sockTime = 102.0
18:05:24.171 [org.webgme.guest.processor.processor.main()] INFO  org.webgme.guest.processor.processor - => sent sockTime = 102.0,    procTime = 102.0
18:05:25.202 [org.webgme.guest.processor.processor.main()] INFO  org.webgme.guest.processor.processor - waiting to receive SimTime...
18:05:26.209 [org.webgme.guest.processor.processor.main()] INFO  org.webgme.guest.processor.processor - waiting to receive SimTime...
18:05:26.211 [org.webgme.guest.processor.processor.main()] INFO  org.webgme.guest.processor.processor - From socket, sockTime = 103.0
18:05:26.212 [org.webgme.guest.processor.processor.main()] INFO  org.webgme.guest.processor.processor - => sent sockTime = 103.0,    procTime = 103.0
18:05:27.236 [org.webgme.guest.processor.processor.main()] INFO  org.webgme.guest.processor.processor - waiting to receive SimTime...
18:05:28.242 [org.webgme.guest.processor.processor.main()] INFO  org.webgme.guest.processor.processor - waiting to receive SimTime...
18:05:28.246 [org.webgme.guest.processor.processor.main()] INFO  org.webgme.guest.processor.processor - From socket, sockTime = 104.0
18:05:28.248 [org.webgme.guest.processor.processor.main()] INFO  org.webgme.guest.processor.processor - => sent sockTime = 104.0,    procTime = 104.0
18:05:29.272 [org.webgme.guest.processor.processor.main()] INFO  org.webgme.guest.processor.processor - waiting to receive SimTime...
18:05:30.279 [org.webgme.guest.processor.processor.main()] INFO  org.webgme.guest.processor.processor - waiting to receive SimTime...
18:05:30.280 [org.webgme.guest.processor.processor.main()] INFO  org.webgme.guest.processor.processor - From socket, sockTime = 105.0
18:05:30.281 [org.webgme.guest.processor.processor.main()] INFO  org.webgme.guest.processor.processor - => sent sockTime = 105.0,    procTime = 105.0
18:05:31.311 [org.webgme.guest.processor.processor.main()] INFO  org.webgme.guest.processor.processor - waiting to receive SimTime...
18:05:32.318 [org.webgme.guest.processor.processor.main()] INFO  org.webgme.guest.processor.processor - waiting to receive SimTime...
18:05:32.319 [org.webgme.guest.processor.processor.main()] INFO  org.webgme.guest.processor.processor - From socket, sockTime = 106.0
18:05:32.321 [org.webgme.guest.processor.processor.main()] INFO  org.webgme.guest.processor.processor - => sent sockTime = 106.0,    procTime = 106.0
18:05:33.339 [org.webgme.guest.processor.processor.main()] INFO  org.webgme.guest.processor.processor - waiting to receive SimTime...
18:05:34.345 [org.webgme.guest.processor.processor.main()] INFO  org.webgme.guest.processor.processor - waiting to receive SimTime...
18:05:34.347 [org.webgme.guest.processor.processor.main()] INFO  org.webgme.guest.processor.processor - From socket, sockTime = 107.0
18:05:34.348 [org.webgme.guest.processor.processor.main()] INFO  org.webgme.guest.processor.processor - => sent sockTime = 107.0,    procTime = 107.0
18:05:35.389 [org.webgme.guest.processor.processor.main()] INFO  org.webgme.guest.processor.processor - waiting to receive SimTime...
18:05:36.417 [org.webgme.guest.processor.processor.main()] INFO  org.webgme.guest.processor.processor - waiting to receive SimTime...
18:05:36.421 [org.webgme.guest.processor.processor.main()] INFO  org.webgme.guest.processor.processor - From socket, sockTime = 108.0
18:05:36.423 [org.webgme.guest.processor.processor.main()] INFO  org.webgme.guest.processor.processor - => sent sockTime = 108.0,    procTime = 108.0
18:05:37.418 [org.webgme.guest.processor.processor.main()] INFO  org.webgme.guest.processor.processor - waiting to receive SimTime...
18:05:38.425 [org.webgme.guest.processor.processor.main()] INFO  org.webgme.guest.processor.processor - waiting to receive SimTime...
18:05:38.425 [org.webgme.guest.processor.processor.main()] INFO  org.webgme.guest.processor.processor - From socket, sockTime = 109.0
18:05:38.427 [org.webgme.guest.processor.processor.main()] INFO  org.webgme.guest.processor.processor - => sent sockTime = 109.0,    procTime = 109.0
18:05:39.455 [org.webgme.guest.processor.processor.main()] INFO  org.webgme.guest.processor.processor - waiting to receive SimTime...
18:05:40.460 [org.webgme.guest.processor.processor.main()] INFO  org.webgme.guest.processor.processor - waiting to receive SimTime...
18:05:40.466 [org.webgme.guest.processor.processor.main()] INFO  org.webgme.guest.processor.processor - From socket, sockTime = 110.0
18:05:40.467 [org.webgme.guest.processor.processor.main()] INFO  org.webgme.guest.processor.processor - => sent sockTime = 110.0,    procTime = 110.0
